2021-03-03 21:16:50,543 INFO [main] c.n.c.CommunityApplication [StartupInfoLogger.java:55] Starting CommunityApplication on DESKTOP-HL432J8 with PID 12748 (D:\develop_files\Idea_Project_files\myproject\community\target\classes started by WGL in D:\develop_files\Idea_Project_files\myproject\community)
2021-03-03 21:16:50,606 INFO [main] c.n.c.CommunityApplication [SpringApplication.java:651] No active profile set, falling back to default profiles: default
2021-03-03 21:16:52,320 INFO [main] o.s.d.r.c.RepositoryConfigurationDelegate [RepositoryConfigurationDelegate.java:249] Multiple Spring Data modules found, entering strict repository configuration mode!
2021-03-03 21:16:52,324 INFO [main] o.s.d.r.c.RepositoryConfigurationDelegate [RepositoryConfigurationDelegate.java:127] Bootstrapping Spring Data Elasticsearch repositories in DEFAULT mode.
2021-03-03 21:16:52,410 INFO [main] o.s.d.r.c.RepositoryConfigurationDelegate [RepositoryConfigurationDelegate.java:187] Finished Spring Data repository scanning in 76ms. Found 1 Elasticsearch repository interfaces.
2021-03-03 21:16:52,413 INFO [main] o.s.d.r.c.RepositoryConfigurationDelegate [RepositoryConfigurationDelegate.java:249] Multiple Spring Data modules found, entering strict repository configuration mode!
2021-03-03 21:16:52,413 INFO [main] o.s.d.r.c.RepositoryConfigurationDelegate [RepositoryConfigurationDelegate.java:127] Bootstrapping Spring Data Reactive Elasticsearch repositories in DEFAULT mode.
2021-03-03 21:16:52,421 INFO [main] o.s.d.r.c.RepositoryConfigurationDelegate [RepositoryConfigurationDelegate.java:187] Finished Spring Data repository scanning in 8ms. Found 0 Reactive Elasticsearch repository interfaces.
2021-03-03 21:16:52,441 INFO [main] o.s.d.r.c.RepositoryConfigurationDelegate [RepositoryConfigurationDelegate.java:249] Multiple Spring Data modules found, entering strict repository configuration mode!
2021-03-03 21:16:52,441 INFO [main] o.s.d.r.c.RepositoryConfigurationDelegate [RepositoryConfigurationDelegate.java:127] Bootstrapping Spring Data Redis repositories in DEFAULT mode.
2021-03-03 21:16:52,460 INFO [main] o.s.d.r.c.RepositoryConfigurationExtensionSupport [RepositoryConfigurationExtensionSupport.java:348] Spring Data Redis - Could not safely identify store assignment for repository candidate interface com.nowcoder.community.dao.elasticsearch.DiscussPostRepository. If you want this repository to be a Redis repository, consider annotating your entities with one of these annotations: org.springframework.data.redis.core.RedisHash (preferred), or consider extending one of the following types with your repository: org.springframework.data.keyvalue.repository.KeyValueRepository.
2021-03-03 21:16:52,460 INFO [main] o.s.d.r.c.RepositoryConfigurationDelegate [RepositoryConfigurationDelegate.java:187] Finished Spring Data repository scanning in 7ms. Found 0 Redis repository interfaces.
2021-03-03 21:16:53,175 INFO [main] o.s.b.w.e.t.TomcatWebServer [TomcatWebServer.java:108] Tomcat initialized with port(s): 8080 (http)
2021-03-03 21:16:53,187 INFO [main] o.a.c.h.Http11NioProtocol [DirectJDKLog.java:173] Initializing ProtocolHandler ["http-nio-8080"]
2021-03-03 21:16:53,188 INFO [main] o.a.c.c.StandardService [DirectJDKLog.java:173] Starting service [Tomcat]
2021-03-03 21:16:53,189 INFO [main] o.a.c.c.StandardEngine [DirectJDKLog.java:173] Starting Servlet engine: [Apache Tomcat/9.0.38]
2021-03-03 21:16:53,303 INFO [main] o.a.c.c.C.[.[.[/community] [DirectJDKLog.java:173] Initializing Spring embedded WebApplicationContext
2021-03-03 21:16:53,304 INFO [main] o.s.b.w.s.c.ServletWebServerApplicationContext [ServletWebServerApplicationContext.java:285] Root WebApplicationContext: initialization completed in 2559 ms
2021-03-03 21:16:55,080 INFO [main] o.s.d.e.s.VersionInfo [VersionInfo.java:59] Version Spring Data Elasticsearch: 4.0.4.RELEASE
2021-03-03 21:16:55,080 INFO [main] o.s.d.e.s.VersionInfo [VersionInfo.java:60] Version Elasticsearch Client in build: 7.6.2
2021-03-03 21:16:55,080 INFO [main] o.s.d.e.s.VersionInfo [VersionInfo.java:61] Version Elasticsearch Client used: 7.6.2
2021-03-03 21:16:55,080 INFO [main] o.s.d.e.s.VersionInfo [VersionInfo.java:69] Version Elasticsearch cluster: 7.6.1
2021-03-03 21:16:55,432 INFO [main] o.s.s.c.ThreadPoolTaskExecutor [ExecutorConfigurationSupport.java:181] Initializing ExecutorService 'applicationTaskExecutor'
2021-03-03 21:16:55,549 INFO [main] o.s.b.a.w.s.WelcomePageHandlerMapping [WelcomePageHandlerMapping.java:58] Adding welcome page template: index
2021-03-03 21:16:55,838 INFO [main] c.z.h.HikariDataSource [HikariDataSource.java:110] HikariPool-1 - Starting...
2021-03-03 21:16:55,971 INFO [main] c.z.h.HikariDataSource [HikariDataSource.java:123] HikariPool-1 - Start completed.
2021-03-03 21:16:56,031 INFO [main] o.q.i.StdSchedulerFactory [StdSchedulerFactory.java:1220] Using default implementation for ThreadExecutor
2021-03-03 21:16:56,044 INFO [main] o.q.c.SchedulerSignalerImpl [SchedulerSignalerImpl.java:61] Initialized Scheduler Signaller of type: class org.quartz.core.SchedulerSignalerImpl
2021-03-03 21:16:56,044 INFO [main] o.q.c.QuartzScheduler [QuartzScheduler.java:229] Quartz Scheduler v.2.3.2 created.
2021-03-03 21:16:56,051 INFO [main] o.s.s.q.LocalDataSourceJobStore [JobStoreSupport.java:672] Using db table-based data access locking (synchronization).
2021-03-03 21:16:56,054 INFO [main] o.s.s.q.LocalDataSourceJobStore [JobStoreCMT.java:145] JobStoreCMT initialized.
2021-03-03 21:16:56,055 INFO [main] o.q.c.QuartzScheduler [QuartzScheduler.java:294] Scheduler meta-data: Quartz Scheduler (v2.3.2) 'communityScheduler' with instanceId 'DESKTOP-HL432J81614777416033'
  Scheduler class: 'org.quartz.core.QuartzScheduler' - running locally.
  NOT STARTED.
  Currently in standby mode.
  Number of jobs executed: 0
  Using thread pool 'org.quartz.simpl.SimpleThreadPool' - with 5 threads.
  Using job-store 'org.springframework.scheduling.quartz.LocalDataSourceJobStore' - which supports persistence. and is clustered.

2021-03-03 21:16:56,056 INFO [main] o.q.i.StdSchedulerFactory [StdSchedulerFactory.java:1374] Quartz scheduler 'communityScheduler' initialized from an externally provided properties instance.
2021-03-03 21:16:56,056 INFO [main] o.q.i.StdSchedulerFactory [StdSchedulerFactory.java:1378] Quartz scheduler version: 2.3.2
2021-03-03 21:16:56,056 INFO [main] o.q.c.QuartzScheduler [QuartzScheduler.java:2293] JobFactory set to: org.springframework.scheduling.quartz.SpringBeanJobFactory@28bf82d9
2021-03-03 21:16:56,168 INFO [main] o.s.b.a.s.s.UserDetailsServiceAutoConfiguration [UserDetailsServiceAutoConfiguration.java:86] 

Using generated security password: 144f5b3c-43a8-4638-8cf2-3c7f0be86ee7

2021-03-03 21:16:56,243 INFO [main] o.s.s.w.DefaultSecurityFilterChain [DefaultSecurityFilterChain.java:43] Creating filter chain: Ant [pattern='/resources/**'], []
2021-03-03 21:16:56,306 INFO [main] o.s.s.w.DefaultSecurityFilterChain [DefaultSecurityFilterChain.java:43] Creating filter chain: any request, [org.springframework.security.web.context.request.async.WebAsyncManagerIntegrationFilter@192b472d, org.springframework.security.web.context.SecurityContextPersistenceFilter@3ea75b05, org.springframework.security.web.header.HeaderWriterFilter@7d522180, org.springframework.security.web.authentication.logout.LogoutFilter@2e3252, org.springframework.security.web.savedrequest.RequestCacheAwareFilter@1da745a2, org.springframework.security.web.servletapi.SecurityContextHolderAwareRequestFilter@3a5b7d7e, org.springframework.security.web.authentication.AnonymousAuthenticationFilter@84f51d9, org.springframework.security.web.session.SessionManagementFilter@18e6b72b, org.springframework.security.web.access.ExceptionTranslationFilter@7e31062c, org.springframework.security.web.access.intercept.FilterSecurityInterceptor@22686ddb]
2021-03-03 21:16:56,322 INFO [main] o.s.s.c.ThreadPoolTaskScheduler [ExecutorConfigurationSupport.java:181] Initializing ExecutorService 'taskScheduler'
2021-03-03 21:16:56,429 INFO [main] o.a.k.c.c.ConsumerConfig [AbstractConfig.java:347] ConsumerConfig values: 
	allow.auto.create.topics = true
	auto.commit.interval.ms = 3000
	auto.offset.reset = latest
	bootstrap.servers = [192.168.114.129:9092]
	check.crcs = true
	client.dns.lookup = default
	client.id = 
	client.rack = 
	connections.max.idle.ms = 540000
	default.api.timeout.ms = 60000
	enable.auto.commit = true
	exclude.internal.topics = true
	fetch.max.bytes = 52428800
	fetch.max.wait.ms = 500
	fetch.min.bytes = 1
	group.id = test-consumer-group
	group.instance.id = null
	heartbeat.interval.ms = 3000
	interceptor.classes = []
	internal.leave.group.on.close = true
	isolation.level = read_uncommitted
	key.deserializer = class org.apache.kafka.common.serialization.StringDeserializer
	max.partition.fetch.bytes = 1048576
	max.poll.interval.ms = 300000
	max.poll.records = 500
	metadata.max.age.ms = 300000
	metric.reporters = []
	metrics.num.samples = 2
	metrics.recording.level = INFO
	metrics.sample.window.ms = 30000
	partition.assignment.strategy = [class org.apache.kafka.clients.consumer.RangeAssignor]
	receive.buffer.bytes = 65536
	reconnect.backoff.max.ms = 1000
	reconnect.backoff.ms = 50
	request.timeout.ms = 30000
	retry.backoff.ms = 100
	sasl.client.callback.handler.class = null
	sasl.jaas.config = null
	sasl.kerberos.kinit.cmd = /usr/bin/kinit
	sasl.kerberos.min.time.before.relogin = 60000
	sasl.kerberos.service.name = null
	sasl.kerberos.ticket.renew.jitter = 0.05
	sasl.kerberos.ticket.renew.window.factor = 0.8
	sasl.login.callback.handler.class = null
	sasl.login.class = null
	sasl.login.refresh.buffer.seconds = 300
	sasl.login.refresh.min.period.seconds = 60
	sasl.login.refresh.window.factor = 0.8
	sasl.login.refresh.window.jitter = 0.05
	sasl.mechanism = GSSAPI
	security.protocol = PLAINTEXT
	security.providers = null
	send.buffer.bytes = 131072
	session.timeout.ms = 10000
	ssl.cipher.suites = null
	ssl.enabled.protocols = [TLSv1.2]
	ssl.endpoint.identification.algorithm = https
	ssl.key.password = null
	ssl.keymanager.algorithm = SunX509
	ssl.keystore.location = null
	ssl.keystore.password = null
	ssl.keystore.type = JKS
	ssl.protocol = TLSv1.2
	ssl.provider = null
	ssl.secure.random.implementation = null
	ssl.trustmanager.algorithm = PKIX
	ssl.truststore.location = null
	ssl.truststore.password = null
	ssl.truststore.type = JKS
	value.deserializer = class org.apache.kafka.common.serialization.StringDeserializer

2021-03-03 21:16:56,498 INFO [main] o.a.k.c.u.AppInfoParser [AppInfoParser.java:117] Kafka version: 2.5.1
2021-03-03 21:16:56,498 INFO [main] o.a.k.c.u.AppInfoParser [AppInfoParser.java:118] Kafka commitId: 0efa8fb0f4c73d92
2021-03-03 21:16:56,498 INFO [main] o.a.k.c.u.AppInfoParser [AppInfoParser.java:119] Kafka startTimeMs: 1614777416497
2021-03-03 21:16:56,501 INFO [main] o.a.k.c.c.KafkaConsumer [KafkaConsumer.java:974] [Consumer clientId=consumer-test-consumer-group-1, groupId=test-consumer-group] Subscribed to topic(s): comment, follow, like
2021-03-03 21:16:56,503 INFO [main] o.s.s.c.ThreadPoolTaskScheduler [ExecutorConfigurationSupport.java:181] Initializing ExecutorService
2021-03-03 21:16:56,508 INFO [main] o.a.k.c.c.ConsumerConfig [AbstractConfig.java:347] ConsumerConfig values: 
	allow.auto.create.topics = true
	auto.commit.interval.ms = 3000
	auto.offset.reset = latest
	bootstrap.servers = [192.168.114.129:9092]
	check.crcs = true
	client.dns.lookup = default
	client.id = 
	client.rack = 
	connections.max.idle.ms = 540000
	default.api.timeout.ms = 60000
	enable.auto.commit = true
	exclude.internal.topics = true
	fetch.max.bytes = 52428800
	fetch.max.wait.ms = 500
	fetch.min.bytes = 1
	group.id = test-consumer-group
	group.instance.id = null
	heartbeat.interval.ms = 3000
	interceptor.classes = []
	internal.leave.group.on.close = true
	isolation.level = read_uncommitted
	key.deserializer = class org.apache.kafka.common.serialization.StringDeserializer
	max.partition.fetch.bytes = 1048576
	max.poll.interval.ms = 300000
	max.poll.records = 500
	metadata.max.age.ms = 300000
	metric.reporters = []
	metrics.num.samples = 2
	metrics.recording.level = INFO
	metrics.sample.window.ms = 30000
	partition.assignment.strategy = [class org.apache.kafka.clients.consumer.RangeAssignor]
	receive.buffer.bytes = 65536
	reconnect.backoff.max.ms = 1000
	reconnect.backoff.ms = 50
	request.timeout.ms = 30000
	retry.backoff.ms = 100
	sasl.client.callback.handler.class = null
	sasl.jaas.config = null
	sasl.kerberos.kinit.cmd = /usr/bin/kinit
	sasl.kerberos.min.time.before.relogin = 60000
	sasl.kerberos.service.name = null
	sasl.kerberos.ticket.renew.jitter = 0.05
	sasl.kerberos.ticket.renew.window.factor = 0.8
	sasl.login.callback.handler.class = null
	sasl.login.class = null
	sasl.login.refresh.buffer.seconds = 300
	sasl.login.refresh.min.period.seconds = 60
	sasl.login.refresh.window.factor = 0.8
	sasl.login.refresh.window.jitter = 0.05
	sasl.mechanism = GSSAPI
	security.protocol = PLAINTEXT
	security.providers = null
	send.buffer.bytes = 131072
	session.timeout.ms = 10000
	ssl.cipher.suites = null
	ssl.enabled.protocols = [TLSv1.2]
	ssl.endpoint.identification.algorithm = https
	ssl.key.password = null
	ssl.keymanager.algorithm = SunX509
	ssl.keystore.location = null
	ssl.keystore.password = null
	ssl.keystore.type = JKS
	ssl.protocol = TLSv1.2
	ssl.provider = null
	ssl.secure.random.implementation = null
	ssl.trustmanager.algorithm = PKIX
	ssl.truststore.location = null
	ssl.truststore.password = null
	ssl.truststore.type = JKS
	value.deserializer = class org.apache.kafka.common.serialization.StringDeserializer

2021-03-03 21:16:56,518 INFO [main] o.a.k.c.u.AppInfoParser [AppInfoParser.java:117] Kafka version: 2.5.1
2021-03-03 21:16:56,519 INFO [main] o.a.k.c.u.AppInfoParser [AppInfoParser.java:118] Kafka commitId: 0efa8fb0f4c73d92
2021-03-03 21:16:56,520 INFO [main] o.a.k.c.u.AppInfoParser [AppInfoParser.java:119] Kafka startTimeMs: 1614777416518
2021-03-03 21:16:56,520 INFO [main] o.a.k.c.c.KafkaConsumer [KafkaConsumer.java:974] [Consumer clientId=consumer-test-consumer-group-2, groupId=test-consumer-group] Subscribed to topic(s): publish
2021-03-03 21:16:56,521 INFO [main] o.s.s.c.ThreadPoolTaskScheduler [ExecutorConfigurationSupport.java:181] Initializing ExecutorService
2021-03-03 21:16:56,524 INFO [main] o.a.k.c.c.ConsumerConfig [AbstractConfig.java:347] ConsumerConfig values: 
	allow.auto.create.topics = true
	auto.commit.interval.ms = 3000
	auto.offset.reset = latest
	bootstrap.servers = [192.168.114.129:9092]
	check.crcs = true
	client.dns.lookup = default
	client.id = 
	client.rack = 
	connections.max.idle.ms = 540000
	default.api.timeout.ms = 60000
	enable.auto.commit = true
	exclude.internal.topics = true
	fetch.max.bytes = 52428800
	fetch.max.wait.ms = 500
	fetch.min.bytes = 1
	group.id = test-consumer-group
	group.instance.id = null
	heartbeat.interval.ms = 3000
	interceptor.classes = []
	internal.leave.group.on.close = true
	isolation.level = read_uncommitted
	key.deserializer = class org.apache.kafka.common.serialization.StringDeserializer
	max.partition.fetch.bytes = 1048576
	max.poll.interval.ms = 300000
	max.poll.records = 500
	metadata.max.age.ms = 300000
	metric.reporters = []
	metrics.num.samples = 2
	metrics.recording.level = INFO
	metrics.sample.window.ms = 30000
	partition.assignment.strategy = [class org.apache.kafka.clients.consumer.RangeAssignor]
	receive.buffer.bytes = 65536
	reconnect.backoff.max.ms = 1000
	reconnect.backoff.ms = 50
	request.timeout.ms = 30000
	retry.backoff.ms = 100
	sasl.client.callback.handler.class = null
	sasl.jaas.config = null
	sasl.kerberos.kinit.cmd = /usr/bin/kinit
	sasl.kerberos.min.time.before.relogin = 60000
	sasl.kerberos.service.name = null
	sasl.kerberos.ticket.renew.jitter = 0.05
	sasl.kerberos.ticket.renew.window.factor = 0.8
	sasl.login.callback.handler.class = null
	sasl.login.class = null
	sasl.login.refresh.buffer.seconds = 300
	sasl.login.refresh.min.period.seconds = 60
	sasl.login.refresh.window.factor = 0.8
	sasl.login.refresh.window.jitter = 0.05
	sasl.mechanism = GSSAPI
	security.protocol = PLAINTEXT
	security.providers = null
	send.buffer.bytes = 131072
	session.timeout.ms = 10000
	ssl.cipher.suites = null
	ssl.enabled.protocols = [TLSv1.2]
	ssl.endpoint.identification.algorithm = https
	ssl.key.password = null
	ssl.keymanager.algorithm = SunX509
	ssl.keystore.location = null
	ssl.keystore.password = null
	ssl.keystore.type = JKS
	ssl.protocol = TLSv1.2
	ssl.provider = null
	ssl.secure.random.implementation = null
	ssl.trustmanager.algorithm = PKIX
	ssl.truststore.location = null
	ssl.truststore.password = null
	ssl.truststore.type = JKS
	value.deserializer = class org.apache.kafka.common.serialization.StringDeserializer

2021-03-03 21:16:56,537 INFO [main] o.a.k.c.u.AppInfoParser [AppInfoParser.java:117] Kafka version: 2.5.1
2021-03-03 21:16:56,538 INFO [main] o.a.k.c.u.AppInfoParser [AppInfoParser.java:118] Kafka commitId: 0efa8fb0f4c73d92
2021-03-03 21:16:56,539 INFO [main] o.a.k.c.u.AppInfoParser [AppInfoParser.java:119] Kafka startTimeMs: 1614777416537
2021-03-03 21:16:56,540 INFO [main] o.a.k.c.c.KafkaConsumer [KafkaConsumer.java:974] [Consumer clientId=consumer-test-consumer-group-3, groupId=test-consumer-group] Subscribed to topic(s): delete
2021-03-03 21:16:56,540 INFO [main] o.s.s.c.ThreadPoolTaskScheduler [ExecutorConfigurationSupport.java:181] Initializing ExecutorService
2021-03-03 21:16:56,542 INFO [main] o.a.c.h.Http11NioProtocol [DirectJDKLog.java:173] Starting ProtocolHandler ["http-nio-8080"]
2021-03-03 21:16:56,569 INFO [main] o.s.b.w.e.t.TomcatWebServer [TomcatWebServer.java:220] Tomcat started on port(s): 8080 (http) with context path '/community'
2021-03-03 21:16:56,569 INFO [main] o.s.s.q.SchedulerFactoryBean [SchedulerFactoryBean.java:727] Starting Quartz Scheduler now
2021-03-03 21:16:56,581 INFO [main] o.s.s.q.LocalDataSourceJobStore [JobStoreSupport.java:3644] ClusterManager: detected 1 failed or restarted instances.
2021-03-03 21:16:56,581 INFO [main] o.s.s.q.LocalDataSourceJobStore [JobStoreSupport.java:3503] ClusterManager: Scanning for instance "DESKTOP-HL432J81614675405338"'s failed in-progress jobs.
2021-03-03 21:16:56,590 INFO [main] o.q.c.QuartzScheduler [QuartzScheduler.java:547] Scheduler communityScheduler_$_DESKTOP-HL432J81614777416033 started.
2021-03-03 21:16:56,599 INFO [QuartzScheduler_communityScheduler-DESKTOP-HL432J81614777416033_MisfireHandler] o.s.s.q.LocalDataSourceJobStore [JobStoreSupport.java:973] Handling 1 trigger(s) that missed their scheduled fire-time.
2021-03-03 21:16:56,618 INFO [main] c.n.c.CommunityApplication [StartupInfoLogger.java:61] Started CommunityApplication in 7.411 seconds (JVM running for 8.858)
2021-03-03 21:17:54,391 INFO [main] c.n.c.CommunityApplication [StartupInfoLogger.java:55] Starting CommunityApplication on DESKTOP-HL432J8 with PID 2052 (D:\develop_files\Idea_Project_files\myproject\community\target\classes started by WGL in D:\develop_files\Idea_Project_files\myproject\community)
2021-03-03 21:17:54,395 INFO [main] c.n.c.CommunityApplication [SpringApplication.java:651] No active profile set, falling back to default profiles: default
2021-03-03 21:17:55,657 INFO [main] o.s.d.r.c.RepositoryConfigurationDelegate [RepositoryConfigurationDelegate.java:249] Multiple Spring Data modules found, entering strict repository configuration mode!
2021-03-03 21:17:55,657 INFO [main] o.s.d.r.c.RepositoryConfigurationDelegate [RepositoryConfigurationDelegate.java:127] Bootstrapping Spring Data Elasticsearch repositories in DEFAULT mode.
2021-03-03 21:17:55,727 INFO [main] o.s.d.r.c.RepositoryConfigurationDelegate [RepositoryConfigurationDelegate.java:187] Finished Spring Data repository scanning in 62ms. Found 1 Elasticsearch repository interfaces.
2021-03-03 21:17:55,731 INFO [main] o.s.d.r.c.RepositoryConfigurationDelegate [RepositoryConfigurationDelegate.java:249] Multiple Spring Data modules found, entering strict repository configuration mode!
2021-03-03 21:17:55,731 INFO [main] o.s.d.r.c.RepositoryConfigurationDelegate [RepositoryConfigurationDelegate.java:127] Bootstrapping Spring Data Reactive Elasticsearch repositories in DEFAULT mode.
2021-03-03 21:17:55,739 INFO [main] o.s.d.r.c.RepositoryConfigurationDelegate [RepositoryConfigurationDelegate.java:187] Finished Spring Data repository scanning in 8ms. Found 0 Reactive Elasticsearch repository interfaces.
2021-03-03 21:17:55,754 INFO [main] o.s.d.r.c.RepositoryConfigurationDelegate [RepositoryConfigurationDelegate.java:249] Multiple Spring Data modules found, entering strict repository configuration mode!
2021-03-03 21:17:55,754 INFO [main] o.s.d.r.c.RepositoryConfigurationDelegate [RepositoryConfigurationDelegate.java:127] Bootstrapping Spring Data Redis repositories in DEFAULT mode.
2021-03-03 21:17:55,774 INFO [main] o.s.d.r.c.RepositoryConfigurationExtensionSupport [RepositoryConfigurationExtensionSupport.java:348] Spring Data Redis - Could not safely identify store assignment for repository candidate interface com.nowcoder.community.dao.elasticsearch.DiscussPostRepository. If you want this repository to be a Redis repository, consider annotating your entities with one of these annotations: org.springframework.data.redis.core.RedisHash (preferred), or consider extending one of the following types with your repository: org.springframework.data.keyvalue.repository.KeyValueRepository.
2021-03-03 21:17:55,774 INFO [main] o.s.d.r.c.RepositoryConfigurationDelegate [RepositoryConfigurationDelegate.java:187] Finished Spring Data repository scanning in 7ms. Found 0 Redis repository interfaces.
2021-03-03 21:17:56,460 INFO [main] o.s.b.w.e.t.TomcatWebServer [TomcatWebServer.java:108] Tomcat initialized with port(s): 8080 (http)
2021-03-03 21:17:56,472 INFO [main] o.a.c.h.Http11NioProtocol [DirectJDKLog.java:173] Initializing ProtocolHandler ["http-nio-8080"]
2021-03-03 21:17:56,474 INFO [main] o.a.c.c.StandardService [DirectJDKLog.java:173] Starting service [Tomcat]
2021-03-03 21:17:56,475 INFO [main] o.a.c.c.StandardEngine [DirectJDKLog.java:173] Starting Servlet engine: [Apache Tomcat/9.0.38]
2021-03-03 21:17:56,579 INFO [main] o.a.c.c.C.[.[.[/community] [DirectJDKLog.java:173] Initializing Spring embedded WebApplicationContext
2021-03-03 21:17:56,579 INFO [main] o.s.b.w.s.c.ServletWebServerApplicationContext [ServletWebServerApplicationContext.java:285] Root WebApplicationContext: initialization completed in 2008 ms
2021-03-03 21:17:58,379 INFO [main] o.s.d.e.s.VersionInfo [VersionInfo.java:59] Version Spring Data Elasticsearch: 4.0.4.RELEASE
2021-03-03 21:17:58,383 INFO [main] o.s.d.e.s.VersionInfo [VersionInfo.java:60] Version Elasticsearch Client in build: 7.6.2
2021-03-03 21:17:58,383 INFO [main] o.s.d.e.s.VersionInfo [VersionInfo.java:61] Version Elasticsearch Client used: 7.6.2
2021-03-03 21:17:58,383 INFO [main] o.s.d.e.s.VersionInfo [VersionInfo.java:69] Version Elasticsearch cluster: 7.6.1
2021-03-03 21:17:58,711 INFO [main] o.s.s.c.ThreadPoolTaskExecutor [ExecutorConfigurationSupport.java:181] Initializing ExecutorService 'applicationTaskExecutor'
2021-03-03 21:17:58,782 INFO [main] o.s.b.a.w.s.WelcomePageHandlerMapping [WelcomePageHandlerMapping.java:58] Adding welcome page template: index
2021-03-03 21:17:59,053 INFO [main] c.z.h.HikariDataSource [HikariDataSource.java:110] HikariPool-1 - Starting...
2021-03-03 21:17:59,250 INFO [main] c.z.h.HikariDataSource [HikariDataSource.java:123] HikariPool-1 - Start completed.
2021-03-03 21:17:59,366 INFO [main] o.q.i.StdSchedulerFactory [StdSchedulerFactory.java:1220] Using default implementation for ThreadExecutor
2021-03-03 21:17:59,385 INFO [main] o.q.c.SchedulerSignalerImpl [SchedulerSignalerImpl.java:61] Initialized Scheduler Signaller of type: class org.quartz.core.SchedulerSignalerImpl
2021-03-03 21:17:59,386 INFO [main] o.q.c.QuartzScheduler [QuartzScheduler.java:229] Quartz Scheduler v.2.3.2 created.
2021-03-03 21:17:59,393 INFO [main] o.s.s.q.LocalDataSourceJobStore [JobStoreSupport.java:672] Using db table-based data access locking (synchronization).
2021-03-03 21:17:59,397 INFO [main] o.s.s.q.LocalDataSourceJobStore [JobStoreCMT.java:145] JobStoreCMT initialized.
2021-03-03 21:17:59,398 INFO [main] o.q.c.QuartzScheduler [QuartzScheduler.java:294] Scheduler meta-data: Quartz Scheduler (v2.3.2) 'communityScheduler' with instanceId 'DESKTOP-HL432J81614777479368'
  Scheduler class: 'org.quartz.core.QuartzScheduler' - running locally.
  NOT STARTED.
  Currently in standby mode.
  Number of jobs executed: 0
  Using thread pool 'org.quartz.simpl.SimpleThreadPool' - with 5 threads.
  Using job-store 'org.springframework.scheduling.quartz.LocalDataSourceJobStore' - which supports persistence. and is clustered.

2021-03-03 21:17:59,399 INFO [main] o.q.i.StdSchedulerFactory [StdSchedulerFactory.java:1374] Quartz scheduler 'communityScheduler' initialized from an externally provided properties instance.
2021-03-03 21:17:59,399 INFO [main] o.q.i.StdSchedulerFactory [StdSchedulerFactory.java:1378] Quartz scheduler version: 2.3.2
2021-03-03 21:17:59,399 INFO [main] o.q.c.QuartzScheduler [QuartzScheduler.java:2293] JobFactory set to: org.springframework.scheduling.quartz.SpringBeanJobFactory@70f4f89e
2021-03-03 21:17:59,505 INFO [main] o.s.b.a.s.s.UserDetailsServiceAutoConfiguration [UserDetailsServiceAutoConfiguration.java:86] 

Using generated security password: 551ce9a4-f8e6-41b3-8c1b-a8bc99a88478

2021-03-03 21:17:59,565 INFO [main] o.s.s.w.DefaultSecurityFilterChain [DefaultSecurityFilterChain.java:43] Creating filter chain: Ant [pattern='/resources/**'], []
2021-03-03 21:17:59,612 INFO [main] o.s.s.w.DefaultSecurityFilterChain [DefaultSecurityFilterChain.java:43] Creating filter chain: any request, [org.springframework.security.web.context.request.async.WebAsyncManagerIntegrationFilter@67941d, org.springframework.security.web.context.SecurityContextPersistenceFilter@7db791df, org.springframework.security.web.header.HeaderWriterFilter@1d77746b, org.springframework.security.web.authentication.logout.LogoutFilter@6cd45b6c, org.springframework.security.web.savedrequest.RequestCacheAwareFilter@1b1e1f02, org.springframework.security.web.servletapi.SecurityContextHolderAwareRequestFilter@5f935d49, org.springframework.security.web.authentication.AnonymousAuthenticationFilter@2ad2b274, org.springframework.security.web.session.SessionManagementFilter@36f6d25c, org.springframework.security.web.access.ExceptionTranslationFilter@628ba266, org.springframework.security.web.access.intercept.FilterSecurityInterceptor@5486ee92]
2021-03-03 21:17:59,628 INFO [main] o.s.s.c.ThreadPoolTaskScheduler [ExecutorConfigurationSupport.java:181] Initializing ExecutorService 'taskScheduler'
2021-03-03 21:17:59,722 INFO [main] o.a.k.c.c.ConsumerConfig [AbstractConfig.java:347] ConsumerConfig values: 
	allow.auto.create.topics = true
	auto.commit.interval.ms = 3000
	auto.offset.reset = latest
	bootstrap.servers = [192.168.114.129:9092]
	check.crcs = true
	client.dns.lookup = default
	client.id = 
	client.rack = 
	connections.max.idle.ms = 540000
	default.api.timeout.ms = 60000
	enable.auto.commit = true
	exclude.internal.topics = true
	fetch.max.bytes = 52428800
	fetch.max.wait.ms = 500
	fetch.min.bytes = 1
	group.id = test-consumer-group
	group.instance.id = null
	heartbeat.interval.ms = 3000
	interceptor.classes = []
	internal.leave.group.on.close = true
	isolation.level = read_uncommitted
	key.deserializer = class org.apache.kafka.common.serialization.StringDeserializer
	max.partition.fetch.bytes = 1048576
	max.poll.interval.ms = 300000
	max.poll.records = 500
	metadata.max.age.ms = 300000
	metric.reporters = []
	metrics.num.samples = 2
	metrics.recording.level = INFO
	metrics.sample.window.ms = 30000
	partition.assignment.strategy = [class org.apache.kafka.clients.consumer.RangeAssignor]
	receive.buffer.bytes = 65536
	reconnect.backoff.max.ms = 1000
	reconnect.backoff.ms = 50
	request.timeout.ms = 30000
	retry.backoff.ms = 100
	sasl.client.callback.handler.class = null
	sasl.jaas.config = null
	sasl.kerberos.kinit.cmd = /usr/bin/kinit
	sasl.kerberos.min.time.before.relogin = 60000
	sasl.kerberos.service.name = null
	sasl.kerberos.ticket.renew.jitter = 0.05
	sasl.kerberos.ticket.renew.window.factor = 0.8
	sasl.login.callback.handler.class = null
	sasl.login.class = null
	sasl.login.refresh.buffer.seconds = 300
	sasl.login.refresh.min.period.seconds = 60
	sasl.login.refresh.window.factor = 0.8
	sasl.login.refresh.window.jitter = 0.05
	sasl.mechanism = GSSAPI
	security.protocol = PLAINTEXT
	security.providers = null
	send.buffer.bytes = 131072
	session.timeout.ms = 10000
	ssl.cipher.suites = null
	ssl.enabled.protocols = [TLSv1.2]
	ssl.endpoint.identification.algorithm = https
	ssl.key.password = null
	ssl.keymanager.algorithm = SunX509
	ssl.keystore.location = null
	ssl.keystore.password = null
	ssl.keystore.type = JKS
	ssl.protocol = TLSv1.2
	ssl.provider = null
	ssl.secure.random.implementation = null
	ssl.trustmanager.algorithm = PKIX
	ssl.truststore.location = null
	ssl.truststore.password = null
	ssl.truststore.type = JKS
	value.deserializer = class org.apache.kafka.common.serialization.StringDeserializer

2021-03-03 21:17:59,772 INFO [main] o.a.k.c.u.AppInfoParser [AppInfoParser.java:117] Kafka version: 2.5.1
2021-03-03 21:17:59,772 INFO [main] o.a.k.c.u.AppInfoParser [AppInfoParser.java:118] Kafka commitId: 0efa8fb0f4c73d92
2021-03-03 21:17:59,772 INFO [main] o.a.k.c.u.AppInfoParser [AppInfoParser.java:119] Kafka startTimeMs: 1614777479772
2021-03-03 21:17:59,776 INFO [main] o.a.k.c.c.KafkaConsumer [KafkaConsumer.java:974] [Consumer clientId=consumer-test-consumer-group-1, groupId=test-consumer-group] Subscribed to topic(s): delete
2021-03-03 21:17:59,780 INFO [main] o.s.s.c.ThreadPoolTaskScheduler [ExecutorConfigurationSupport.java:181] Initializing ExecutorService
2021-03-03 21:17:59,784 INFO [main] o.a.k.c.c.ConsumerConfig [AbstractConfig.java:347] ConsumerConfig values: 
	allow.auto.create.topics = true
	auto.commit.interval.ms = 3000
	auto.offset.reset = latest
	bootstrap.servers = [192.168.114.129:9092]
	check.crcs = true
	client.dns.lookup = default
	client.id = 
	client.rack = 
	connections.max.idle.ms = 540000
	default.api.timeout.ms = 60000
	enable.auto.commit = true
	exclude.internal.topics = true
	fetch.max.bytes = 52428800
	fetch.max.wait.ms = 500
	fetch.min.bytes = 1
	group.id = test-consumer-group
	group.instance.id = null
	heartbeat.interval.ms = 3000
	interceptor.classes = []
	internal.leave.group.on.close = true
	isolation.level = read_uncommitted
	key.deserializer = class org.apache.kafka.common.serialization.StringDeserializer
	max.partition.fetch.bytes = 1048576
	max.poll.interval.ms = 300000
	max.poll.records = 500
	metadata.max.age.ms = 300000
	metric.reporters = []
	metrics.num.samples = 2
	metrics.recording.level = INFO
	metrics.sample.window.ms = 30000
	partition.assignment.strategy = [class org.apache.kafka.clients.consumer.RangeAssignor]
	receive.buffer.bytes = 65536
	reconnect.backoff.max.ms = 1000
	reconnect.backoff.ms = 50
	request.timeout.ms = 30000
	retry.backoff.ms = 100
	sasl.client.callback.handler.class = null
	sasl.jaas.config = null
	sasl.kerberos.kinit.cmd = /usr/bin/kinit
	sasl.kerberos.min.time.before.relogin = 60000
	sasl.kerberos.service.name = null
	sasl.kerberos.ticket.renew.jitter = 0.05
	sasl.kerberos.ticket.renew.window.factor = 0.8
	sasl.login.callback.handler.class = null
	sasl.login.class = null
	sasl.login.refresh.buffer.seconds = 300
	sasl.login.refresh.min.period.seconds = 60
	sasl.login.refresh.window.factor = 0.8
	sasl.login.refresh.window.jitter = 0.05
	sasl.mechanism = GSSAPI
	security.protocol = PLAINTEXT
	security.providers = null
	send.buffer.bytes = 131072
	session.timeout.ms = 10000
	ssl.cipher.suites = null
	ssl.enabled.protocols = [TLSv1.2]
	ssl.endpoint.identification.algorithm = https
	ssl.key.password = null
	ssl.keymanager.algorithm = SunX509
	ssl.keystore.location = null
	ssl.keystore.password = null
	ssl.keystore.type = JKS
	ssl.protocol = TLSv1.2
	ssl.provider = null
	ssl.secure.random.implementation = null
	ssl.trustmanager.algorithm = PKIX
	ssl.truststore.location = null
	ssl.truststore.password = null
	ssl.truststore.type = JKS
	value.deserializer = class org.apache.kafka.common.serialization.StringDeserializer

2021-03-03 21:17:59,792 INFO [main] o.a.k.c.u.AppInfoParser [AppInfoParser.java:117] Kafka version: 2.5.1
2021-03-03 21:17:59,792 INFO [main] o.a.k.c.u.AppInfoParser [AppInfoParser.java:118] Kafka commitId: 0efa8fb0f4c73d92
2021-03-03 21:17:59,792 INFO [main] o.a.k.c.u.AppInfoParser [AppInfoParser.java:119] Kafka startTimeMs: 1614777479792
2021-03-03 21:17:59,792 INFO [main] o.a.k.c.c.KafkaConsumer [KafkaConsumer.java:974] [Consumer clientId=consumer-test-consumer-group-2, groupId=test-consumer-group] Subscribed to topic(s): publish
2021-03-03 21:17:59,796 INFO [main] o.s.s.c.ThreadPoolTaskScheduler [ExecutorConfigurationSupport.java:181] Initializing ExecutorService
2021-03-03 21:17:59,796 INFO [main] o.a.k.c.c.ConsumerConfig [AbstractConfig.java:347] ConsumerConfig values: 
	allow.auto.create.topics = true
	auto.commit.interval.ms = 3000
	auto.offset.reset = latest
	bootstrap.servers = [192.168.114.129:9092]
	check.crcs = true
	client.dns.lookup = default
	client.id = 
	client.rack = 
	connections.max.idle.ms = 540000
	default.api.timeout.ms = 60000
	enable.auto.commit = true
	exclude.internal.topics = true
	fetch.max.bytes = 52428800
	fetch.max.wait.ms = 500
	fetch.min.bytes = 1
	group.id = test-consumer-group
	group.instance.id = null
	heartbeat.interval.ms = 3000
	interceptor.classes = []
	internal.leave.group.on.close = true
	isolation.level = read_uncommitted
	key.deserializer = class org.apache.kafka.common.serialization.StringDeserializer
	max.partition.fetch.bytes = 1048576
	max.poll.interval.ms = 300000
	max.poll.records = 500
	metadata.max.age.ms = 300000
	metric.reporters = []
	metrics.num.samples = 2
	metrics.recording.level = INFO
	metrics.sample.window.ms = 30000
	partition.assignment.strategy = [class org.apache.kafka.clients.consumer.RangeAssignor]
	receive.buffer.bytes = 65536
	reconnect.backoff.max.ms = 1000
	reconnect.backoff.ms = 50
	request.timeout.ms = 30000
	retry.backoff.ms = 100
	sasl.client.callback.handler.class = null
	sasl.jaas.config = null
	sasl.kerberos.kinit.cmd = /usr/bin/kinit
	sasl.kerberos.min.time.before.relogin = 60000
	sasl.kerberos.service.name = null
	sasl.kerberos.ticket.renew.jitter = 0.05
	sasl.kerberos.ticket.renew.window.factor = 0.8
	sasl.login.callback.handler.class = null
	sasl.login.class = null
	sasl.login.refresh.buffer.seconds = 300
	sasl.login.refresh.min.period.seconds = 60
	sasl.login.refresh.window.factor = 0.8
	sasl.login.refresh.window.jitter = 0.05
	sasl.mechanism = GSSAPI
	security.protocol = PLAINTEXT
	security.providers = null
	send.buffer.bytes = 131072
	session.timeout.ms = 10000
	ssl.cipher.suites = null
	ssl.enabled.protocols = [TLSv1.2]
	ssl.endpoint.identification.algorithm = https
	ssl.key.password = null
	ssl.keymanager.algorithm = SunX509
	ssl.keystore.location = null
	ssl.keystore.password = null
	ssl.keystore.type = JKS
	ssl.protocol = TLSv1.2
	ssl.provider = null
	ssl.secure.random.implementation = null
	ssl.trustmanager.algorithm = PKIX
	ssl.truststore.location = null
	ssl.truststore.password = null
	ssl.truststore.type = JKS
	value.deserializer = class org.apache.kafka.common.serialization.StringDeserializer

2021-03-03 21:17:59,804 INFO [main] o.a.k.c.u.AppInfoParser [AppInfoParser.java:117] Kafka version: 2.5.1
2021-03-03 21:17:59,804 INFO [main] o.a.k.c.u.AppInfoParser [AppInfoParser.java:118] Kafka commitId: 0efa8fb0f4c73d92
2021-03-03 21:17:59,804 INFO [main] o.a.k.c.u.AppInfoParser [AppInfoParser.java:119] Kafka startTimeMs: 1614777479804
2021-03-03 21:17:59,804 INFO [main] o.a.k.c.c.KafkaConsumer [KafkaConsumer.java:974] [Consumer clientId=consumer-test-consumer-group-3, groupId=test-consumer-group] Subscribed to topic(s): comment, follow, like
2021-03-03 21:17:59,807 INFO [main] o.s.s.c.ThreadPoolTaskScheduler [ExecutorConfigurationSupport.java:181] Initializing ExecutorService
2021-03-03 21:17:59,807 INFO [main] o.a.c.h.Http11NioProtocol [DirectJDKLog.java:173] Starting ProtocolHandler ["http-nio-8080"]
2021-03-03 21:17:59,831 INFO [main] o.s.b.w.e.t.TomcatWebServer [TomcatWebServer.java:220] Tomcat started on port(s): 8080 (http) with context path '/community'
2021-03-03 21:17:59,835 INFO [main] o.s.s.q.SchedulerFactoryBean [SchedulerFactoryBean.java:727] Starting Quartz Scheduler now
2021-03-03 21:18:00,085 INFO [main] o.s.s.q.LocalDataSourceJobStore [JobStoreSupport.java:3644] ClusterManager: detected 1 failed or restarted instances.
2021-03-03 21:18:00,085 INFO [main] o.s.s.q.LocalDataSourceJobStore [JobStoreSupport.java:3503] ClusterManager: Scanning for instance "DESKTOP-HL432J81614777416033"'s failed in-progress jobs.
2021-03-03 21:18:00,093 INFO [main] o.q.c.QuartzScheduler [QuartzScheduler.java:547] Scheduler communityScheduler_$_DESKTOP-HL432J81614777479368 started.
2021-03-03 21:18:00,115 INFO [main] c.n.c.CommunityApplication [StartupInfoLogger.java:61] Started CommunityApplication in 6.446 seconds (JVM running for 7.721)
2021-03-03 21:18:00,473 INFO [org.springframework.kafka.KafkaListenerEndpointContainer#0-0-C-1] o.a.k.c.Metadata [Metadata.java:277] [Consumer clientId=consumer-test-consumer-group-2, groupId=test-consumer-group] Cluster ID: wtv9nGHbTqe-xVJE_83Z0w
2021-03-03 21:18:00,473 INFO [org.springframework.kafka.KafkaListenerEndpointContainer#2-0-C-1] o.a.k.c.Metadata [Metadata.java:277] [Consumer clientId=consumer-test-consumer-group-1, groupId=test-consumer-group] Cluster ID: wtv9nGHbTqe-xVJE_83Z0w
2021-03-03 21:18:00,671 INFO [org.springframework.kafka.KafkaListenerEndpointContainer#1-0-C-1] o.a.k.c.Metadata [Metadata.java:277] [Consumer clientId=consumer-test-consumer-group-3, groupId=test-consumer-group] Cluster ID: wtv9nGHbTqe-xVJE_83Z0w
2021-03-03 21:18:01,231 INFO [communityScheduler_Worker-1] c.n.c.q.PostScoreRefreshJob [PostScoreRefreshJob.java:55] 任务取消，没有需要刷新的帖子
2021-03-03 21:18:01,891 INFO [org.springframework.kafka.KafkaListenerEndpointContainer#0-0-C-1] o.a.k.c.c.i.AbstractCoordinator [AbstractCoordinator.java:797] [Consumer clientId=consumer-test-consumer-group-2, groupId=test-consumer-group] Discovered group coordinator 192.168.114.129:9092 (id: 2147483647 rack: null)
2021-03-03 21:18:01,896 INFO [org.springframework.kafka.KafkaListenerEndpointContainer#0-0-C-1] o.a.k.c.c.i.AbstractCoordinator [AbstractCoordinator.java:552] [Consumer clientId=consumer-test-consumer-group-2, groupId=test-consumer-group] (Re-)joining group
2021-03-03 21:18:01,900 INFO [org.springframework.kafka.KafkaListenerEndpointContainer#1-0-C-1] o.a.k.c.c.i.AbstractCoordinator [AbstractCoordinator.java:797] [Consumer clientId=consumer-test-consumer-group-3, groupId=test-consumer-group] Discovered group coordinator 192.168.114.129:9092 (id: 2147483647 rack: null)
2021-03-03 21:18:01,901 INFO [org.springframework.kafka.KafkaListenerEndpointContainer#1-0-C-1] o.a.k.c.c.i.AbstractCoordinator [AbstractCoordinator.java:552] [Consumer clientId=consumer-test-consumer-group-3, groupId=test-consumer-group] (Re-)joining group
2021-03-03 21:18:01,914 INFO [org.springframework.kafka.KafkaListenerEndpointContainer#2-0-C-1] o.a.k.c.c.i.AbstractCoordinator [AbstractCoordinator.java:797] [Consumer clientId=consumer-test-consumer-group-1, groupId=test-consumer-group] Discovered group coordinator 192.168.114.129:9092 (id: 2147483647 rack: null)
2021-03-03 21:18:01,915 INFO [org.springframework.kafka.KafkaListenerEndpointContainer#2-0-C-1] o.a.k.c.c.i.AbstractCoordinator [AbstractCoordinator.java:552] [Consumer clientId=consumer-test-consumer-group-1, groupId=test-consumer-group] (Re-)joining group
2021-03-03 21:18:01,934 INFO [org.springframework.kafka.KafkaListenerEndpointContainer#2-0-C-1] o.a.k.c.c.i.AbstractCoordinator [AbstractCoordinator.java:455] [Consumer clientId=consumer-test-consumer-group-1, groupId=test-consumer-group] Join group failed with org.apache.kafka.common.errors.CoordinatorLoadInProgressException: The coordinator is loading and hence can't process requests.
2021-03-03 21:18:01,934 INFO [org.springframework.kafka.KafkaListenerEndpointContainer#0-0-C-1] o.a.k.c.c.i.AbstractCoordinator [AbstractCoordinator.java:455] [Consumer clientId=consumer-test-consumer-group-2, groupId=test-consumer-group] Join group failed with org.apache.kafka.common.errors.CoordinatorLoadInProgressException: The coordinator is loading and hence can't process requests.
2021-03-03 21:18:01,934 INFO [org.springframework.kafka.KafkaListenerEndpointContainer#2-0-C-1] o.a.k.c.c.i.AbstractCoordinator [AbstractCoordinator.java:552] [Consumer clientId=consumer-test-consumer-group-1, groupId=test-consumer-group] (Re-)joining group
2021-03-03 21:18:01,935 INFO [org.springframework.kafka.KafkaListenerEndpointContainer#0-0-C-1] o.a.k.c.c.i.AbstractCoordinator [AbstractCoordinator.java:552] [Consumer clientId=consumer-test-consumer-group-2, groupId=test-consumer-group] (Re-)joining group
2021-03-03 21:18:01,938 INFO [org.springframework.kafka.KafkaListenerEndpointContainer#1-0-C-1] o.a.k.c.c.i.AbstractCoordinator [AbstractCoordinator.java:455] [Consumer clientId=consumer-test-consumer-group-3, groupId=test-consumer-group] Join group failed with org.apache.kafka.common.errors.CoordinatorLoadInProgressException: The coordinator is loading and hence can't process requests.
2021-03-03 21:18:01,938 INFO [org.springframework.kafka.KafkaListenerEndpointContainer#1-0-C-1] o.a.k.c.c.i.AbstractCoordinator [AbstractCoordinator.java:552] [Consumer clientId=consumer-test-consumer-group-3, groupId=test-consumer-group] (Re-)joining group
2021-03-03 21:18:01,945 INFO [org.springframework.kafka.KafkaListenerEndpointContainer#2-0-C-1] o.a.k.c.c.i.AbstractCoordinator [AbstractCoordinator.java:455] [Consumer clientId=consumer-test-consumer-group-1, groupId=test-consumer-group] Join group failed with org.apache.kafka.common.errors.CoordinatorLoadInProgressException: The coordinator is loading and hence can't process requests.
2021-03-03 21:18:01,946 INFO [org.springframework.kafka.KafkaListenerEndpointContainer#2-0-C-1] o.a.k.c.c.i.AbstractCoordinator [AbstractCoordinator.java:552] [Consumer clientId=consumer-test-consumer-group-1, groupId=test-consumer-group] (Re-)joining group
2021-03-03 21:18:01,946 INFO [org.springframework.kafka.KafkaListenerEndpointContainer#1-0-C-1] o.a.k.c.c.i.AbstractCoordinator [AbstractCoordinator.java:455] [Consumer clientId=consumer-test-consumer-group-3, groupId=test-consumer-group] Join group failed with org.apache.kafka.common.errors.CoordinatorLoadInProgressException: The coordinator is loading and hence can't process requests.
2021-03-03 21:18:01,946 INFO [org.springframework.kafka.KafkaListenerEndpointContainer#1-0-C-1] o.a.k.c.c.i.AbstractCoordinator [AbstractCoordinator.java:552] [Consumer clientId=consumer-test-consumer-group-3, groupId=test-consumer-group] (Re-)joining group
2021-03-03 21:18:01,948 INFO [org.springframework.kafka.KafkaListenerEndpointContainer#0-0-C-1] o.a.k.c.c.i.AbstractCoordinator [AbstractCoordinator.java:455] [Consumer clientId=consumer-test-consumer-group-2, groupId=test-consumer-group] Join group failed with org.apache.kafka.common.errors.CoordinatorLoadInProgressException: The coordinator is loading and hence can't process requests.
2021-03-03 21:18:01,949 INFO [org.springframework.kafka.KafkaListenerEndpointContainer#0-0-C-1] o.a.k.c.c.i.AbstractCoordinator [AbstractCoordinator.java:552] [Consumer clientId=consumer-test-consumer-group-2, groupId=test-consumer-group] (Re-)joining group
2021-03-03 21:18:01,955 INFO [org.springframework.kafka.KafkaListenerEndpointContainer#2-0-C-1] o.a.k.c.c.i.AbstractCoordinator [AbstractCoordinator.java:455] [Consumer clientId=consumer-test-consumer-group-1, groupId=test-consumer-group] Join group failed with org.apache.kafka.common.errors.CoordinatorLoadInProgressException: The coordinator is loading and hence can't process requests.
2021-03-03 21:18:01,955 INFO [org.springframework.kafka.KafkaListenerEndpointContainer#2-0-C-1] o.a.k.c.c.i.AbstractCoordinator [AbstractCoordinator.java:552] [Consumer clientId=consumer-test-consumer-group-1, groupId=test-consumer-group] (Re-)joining group
2021-03-03 21:18:01,959 INFO [org.springframework.kafka.KafkaListenerEndpointContainer#0-0-C-1] o.a.k.c.c.i.AbstractCoordinator [AbstractCoordinator.java:455] [Consumer clientId=consumer-test-consumer-group-2, groupId=test-consumer-group] Join group failed with org.apache.kafka.common.errors.CoordinatorLoadInProgressException: The coordinator is loading and hence can't process requests.
2021-03-03 21:18:01,959 INFO [org.springframework.kafka.KafkaListenerEndpointContainer#0-0-C-1] o.a.k.c.c.i.AbstractCoordinator [AbstractCoordinator.java:552] [Consumer clientId=consumer-test-consumer-group-2, groupId=test-consumer-group] (Re-)joining group
2021-03-03 21:18:01,966 INFO [org.springframework.kafka.KafkaListenerEndpointContainer#1-0-C-1] o.a.k.c.c.i.AbstractCoordinator [AbstractCoordinator.java:455] [Consumer clientId=consumer-test-consumer-group-3, groupId=test-consumer-group] Join group failed with org.apache.kafka.common.errors.CoordinatorLoadInProgressException: The coordinator is loading and hence can't process requests.
2021-03-03 21:18:01,966 INFO [org.springframework.kafka.KafkaListenerEndpointContainer#1-0-C-1] o.a.k.c.c.i.AbstractCoordinator [AbstractCoordinator.java:552] [Consumer clientId=consumer-test-consumer-group-3, groupId=test-consumer-group] (Re-)joining group
2021-03-03 21:18:01,969 INFO [org.springframework.kafka.KafkaListenerEndpointContainer#0-0-C-1] o.a.k.c.c.i.AbstractCoordinator [AbstractCoordinator.java:455] [Consumer clientId=consumer-test-consumer-group-2, groupId=test-consumer-group] Join group failed with org.apache.kafka.common.errors.CoordinatorLoadInProgressException: The coordinator is loading and hence can't process requests.
2021-03-03 21:18:01,970 INFO [org.springframework.kafka.KafkaListenerEndpointContainer#0-0-C-1] o.a.k.c.c.i.AbstractCoordinator [AbstractCoordinator.java:552] [Consumer clientId=consumer-test-consumer-group-2, groupId=test-consumer-group] (Re-)joining group
2021-03-03 21:18:01,972 INFO [org.springframework.kafka.KafkaListenerEndpointContainer#1-0-C-1] o.a.k.c.c.i.AbstractCoordinator [AbstractCoordinator.java:455] [Consumer clientId=consumer-test-consumer-group-3, groupId=test-consumer-group] Join group failed with org.apache.kafka.common.errors.CoordinatorLoadInProgressException: The coordinator is loading and hence can't process requests.
2021-03-03 21:18:01,973 INFO [org.springframework.kafka.KafkaListenerEndpointContainer#1-0-C-1] o.a.k.c.c.i.AbstractCoordinator [AbstractCoordinator.java:552] [Consumer clientId=consumer-test-consumer-group-3, groupId=test-consumer-group] (Re-)joining group
2021-03-03 21:18:01,977 INFO [org.springframework.kafka.KafkaListenerEndpointContainer#2-0-C-1] o.a.k.c.c.i.AbstractCoordinator [AbstractCoordinator.java:455] [Consumer clientId=consumer-test-consumer-group-1, groupId=test-consumer-group] Join group failed with org.apache.kafka.common.errors.CoordinatorLoadInProgressException: The coordinator is loading and hence can't process requests.
2021-03-03 21:18:01,977 INFO [org.springframework.kafka.KafkaListenerEndpointContainer#0-0-C-1] o.a.k.c.c.i.AbstractCoordinator [AbstractCoordinator.java:455] [Consumer clientId=consumer-test-consumer-group-2, groupId=test-consumer-group] Join group failed with org.apache.kafka.common.errors.CoordinatorLoadInProgressException: The coordinator is loading and hence can't process requests.
2021-03-03 21:18:01,977 INFO [org.springframework.kafka.KafkaListenerEndpointContainer#2-0-C-1] o.a.k.c.c.i.AbstractCoordinator [AbstractCoordinator.java:552] [Consumer clientId=consumer-test-consumer-group-1, groupId=test-consumer-group] (Re-)joining group
2021-03-03 21:18:01,977 INFO [org.springframework.kafka.KafkaListenerEndpointContainer#0-0-C-1] o.a.k.c.c.i.AbstractCoordinator [AbstractCoordinator.java:552] [Consumer clientId=consumer-test-consumer-group-2, groupId=test-consumer-group] (Re-)joining group
2021-03-03 21:18:01,980 INFO [org.springframework.kafka.KafkaListenerEndpointContainer#1-0-C-1] o.a.k.c.c.i.AbstractCoordinator [AbstractCoordinator.java:455] [Consumer clientId=consumer-test-consumer-group-3, groupId=test-consumer-group] Join group failed with org.apache.kafka.common.errors.CoordinatorLoadInProgressException: The coordinator is loading and hence can't process requests.
2021-03-03 21:18:01,981 INFO [org.springframework.kafka.KafkaListenerEndpointContainer#1-0-C-1] o.a.k.c.c.i.AbstractCoordinator [AbstractCoordinator.java:552] [Consumer clientId=consumer-test-consumer-group-3, groupId=test-consumer-group] (Re-)joining group
2021-03-03 21:18:01,985 INFO [org.springframework.kafka.KafkaListenerEndpointContainer#0-0-C-1] o.a.k.c.c.i.AbstractCoordinator [AbstractCoordinator.java:455] [Consumer clientId=consumer-test-consumer-group-2, groupId=test-consumer-group] Join group failed with org.apache.kafka.common.errors.CoordinatorLoadInProgressException: The coordinator is loading and hence can't process requests.
2021-03-03 21:18:01,986 INFO [org.springframework.kafka.KafkaListenerEndpointContainer#0-0-C-1] o.a.k.c.c.i.AbstractCoordinator [AbstractCoordinator.java:552] [Consumer clientId=consumer-test-consumer-group-2, groupId=test-consumer-group] (Re-)joining group
2021-03-03 21:18:01,986 INFO [org.springframework.kafka.KafkaListenerEndpointContainer#1-0-C-1] o.a.k.c.c.i.AbstractCoordinator [AbstractCoordinator.java:455] [Consumer clientId=consumer-test-consumer-group-3, groupId=test-consumer-group] Join group failed with org.apache.kafka.common.errors.CoordinatorLoadInProgressException: The coordinator is loading and hence can't process requests.
2021-03-03 21:18:01,987 INFO [org.springframework.kafka.KafkaListenerEndpointContainer#1-0-C-1] o.a.k.c.c.i.AbstractCoordinator [AbstractCoordinator.java:552] [Consumer clientId=consumer-test-consumer-group-3, groupId=test-consumer-group] (Re-)joining group
2021-03-03 21:18:01,989 INFO [org.springframework.kafka.KafkaListenerEndpointContainer#2-0-C-1] o.a.k.c.c.i.AbstractCoordinator [AbstractCoordinator.java:455] [Consumer clientId=consumer-test-consumer-group-1, groupId=test-consumer-group] Join group failed with org.apache.kafka.common.errors.CoordinatorLoadInProgressException: The coordinator is loading and hence can't process requests.
2021-03-03 21:18:01,990 INFO [org.springframework.kafka.KafkaListenerEndpointContainer#2-0-C-1] o.a.k.c.c.i.AbstractCoordinator [AbstractCoordinator.java:552] [Consumer clientId=consumer-test-consumer-group-1, groupId=test-consumer-group] (Re-)joining group
2021-03-03 21:18:01,991 INFO [org.springframework.kafka.KafkaListenerEndpointContainer#0-0-C-1] o.a.k.c.c.i.AbstractCoordinator [AbstractCoordinator.java:455] [Consumer clientId=consumer-test-consumer-group-2, groupId=test-consumer-group] Join group failed with org.apache.kafka.common.errors.CoordinatorLoadInProgressException: The coordinator is loading and hence can't process requests.
2021-03-03 21:18:01,992 INFO [org.springframework.kafka.KafkaListenerEndpointContainer#0-0-C-1] o.a.k.c.c.i.AbstractCoordinator [AbstractCoordinator.java:552] [Consumer clientId=consumer-test-consumer-group-2, groupId=test-consumer-group] (Re-)joining group
2021-03-03 21:18:01,994 INFO [org.springframework.kafka.KafkaListenerEndpointContainer#2-0-C-1] o.a.k.c.c.i.AbstractCoordinator [AbstractCoordinator.java:455] [Consumer clientId=consumer-test-consumer-group-1, groupId=test-consumer-group] Join group failed with org.apache.kafka.common.errors.CoordinatorLoadInProgressException: The coordinator is loading and hence can't process requests.
2021-03-03 21:18:01,994 INFO [org.springframework.kafka.KafkaListenerEndpointContainer#2-0-C-1] o.a.k.c.c.i.AbstractCoordinator [AbstractCoordinator.java:552] [Consumer clientId=consumer-test-consumer-group-1, groupId=test-consumer-group] (Re-)joining group
2021-03-03 21:18:02,000 INFO [org.springframework.kafka.KafkaListenerEndpointContainer#0-0-C-1] o.a.k.c.c.i.AbstractCoordinator [AbstractCoordinator.java:455] [Consumer clientId=consumer-test-consumer-group-2, groupId=test-consumer-group] Join group failed with org.apache.kafka.common.errors.CoordinatorLoadInProgressException: The coordinator is loading and hence can't process requests.
2021-03-03 21:18:02,000 INFO [org.springframework.kafka.KafkaListenerEndpointContainer#0-0-C-1] o.a.k.c.c.i.AbstractCoordinator [AbstractCoordinator.java:552] [Consumer clientId=consumer-test-consumer-group-2, groupId=test-consumer-group] (Re-)joining group
2021-03-03 21:18:02,003 INFO [org.springframework.kafka.KafkaListenerEndpointContainer#1-0-C-1] o.a.k.c.c.i.AbstractCoordinator [AbstractCoordinator.java:455] [Consumer clientId=consumer-test-consumer-group-3, groupId=test-consumer-group] Join group failed with org.apache.kafka.common.errors.CoordinatorLoadInProgressException: The coordinator is loading and hence can't process requests.
2021-03-03 21:18:02,003 INFO [org.springframework.kafka.KafkaListenerEndpointContainer#1-0-C-1] o.a.k.c.c.i.AbstractCoordinator [AbstractCoordinator.java:552] [Consumer clientId=consumer-test-consumer-group-3, groupId=test-consumer-group] (Re-)joining group
2021-03-03 21:18:02,032 INFO [org.springframework.kafka.KafkaListenerEndpointContainer#2-0-C-1] o.a.k.c.c.i.AbstractCoordinator [AbstractCoordinator.java:455] [Consumer clientId=consumer-test-consumer-group-1, groupId=test-consumer-group] Join group failed with org.apache.kafka.common.errors.CoordinatorLoadInProgressException: The coordinator is loading and hence can't process requests.
2021-03-03 21:18:02,032 INFO [org.springframework.kafka.KafkaListenerEndpointContainer#2-0-C-1] o.a.k.c.c.i.AbstractCoordinator [AbstractCoordinator.java:552] [Consumer clientId=consumer-test-consumer-group-1, groupId=test-consumer-group] (Re-)joining group
2021-03-03 21:18:02,082 INFO [org.springframework.kafka.KafkaListenerEndpointContainer#2-0-C-1] o.a.k.c.c.i.AbstractCoordinator [AbstractCoordinator.java:455] [Consumer clientId=consumer-test-consumer-group-1, groupId=test-consumer-group] Join group failed with org.apache.kafka.common.errors.MemberIdRequiredException: The group member needs to have a valid member id before actually entering a consumer group
2021-03-03 21:18:02,082 INFO [org.springframework.kafka.KafkaListenerEndpointContainer#2-0-C-1] o.a.k.c.c.i.AbstractCoordinator [AbstractCoordinator.java:552] [Consumer clientId=consumer-test-consumer-group-1, groupId=test-consumer-group] (Re-)joining group
2021-03-03 21:18:02,086 INFO [org.springframework.kafka.KafkaListenerEndpointContainer#1-0-C-1] o.a.k.c.c.i.AbstractCoordinator [AbstractCoordinator.java:455] [Consumer clientId=consumer-test-consumer-group-3, groupId=test-consumer-group] Join group failed with org.apache.kafka.common.errors.MemberIdRequiredException: The group member needs to have a valid member id before actually entering a consumer group
2021-03-03 21:18:02,086 INFO [org.springframework.kafka.KafkaListenerEndpointContainer#1-0-C-1] o.a.k.c.c.i.AbstractCoordinator [AbstractCoordinator.java:552] [Consumer clientId=consumer-test-consumer-group-3, groupId=test-consumer-group] (Re-)joining group
2021-03-03 21:18:02,088 INFO [org.springframework.kafka.KafkaListenerEndpointContainer#0-0-C-1] o.a.k.c.c.i.AbstractCoordinator [AbstractCoordinator.java:455] [Consumer clientId=consumer-test-consumer-group-2, groupId=test-consumer-group] Join group failed with org.apache.kafka.common.errors.MemberIdRequiredException: The group member needs to have a valid member id before actually entering a consumer group
2021-03-03 21:18:02,089 INFO [org.springframework.kafka.KafkaListenerEndpointContainer#0-0-C-1] o.a.k.c.c.i.AbstractCoordinator [AbstractCoordinator.java:552] [Consumer clientId=consumer-test-consumer-group-2, groupId=test-consumer-group] (Re-)joining group
2021-03-03 21:18:02,165 INFO [org.springframework.kafka.KafkaListenerEndpointContainer#1-0-C-1] o.a.k.c.c.i.ConsumerCoordinator [ConsumerCoordinator.java:611] [Consumer clientId=consumer-test-consumer-group-3, groupId=test-consumer-group] Finished assignment for group at generation 286: {consumer-test-consumer-group-1-d17648fe-c117-4c07-bbdc-faf0e50bdd43=Assignment(partitions=[delete-0]), consumer-test-consumer-group-3-97f78709-5257-46da-b0ee-1b45d001a5e0=Assignment(partitions=[like-0, comment-0, follow-0]), consumer-test-consumer-group-2-a2bb5c41-62ba-415a-a8ce-8b3dd332a570=Assignment(partitions=[publish-0])}
2021-03-03 21:18:02,426 INFO [org.springframework.kafka.KafkaListenerEndpointContainer#1-0-C-1] o.a.k.c.c.i.AbstractCoordinator [AbstractCoordinator.java:503] [Consumer clientId=consumer-test-consumer-group-3, groupId=test-consumer-group] Successfully joined group with generation 286
2021-03-03 21:18:02,429 INFO [org.springframework.kafka.KafkaListenerEndpointContainer#1-0-C-1] o.a.k.c.c.i.ConsumerCoordinator [ConsumerCoordinator.java:273] [Consumer clientId=consumer-test-consumer-group-3, groupId=test-consumer-group] Adding newly assigned partitions: comment-0, like-0, follow-0
2021-03-03 21:18:02,438 INFO [org.springframework.kafka.KafkaListenerEndpointContainer#0-0-C-1] o.a.k.c.c.i.AbstractCoordinator [AbstractCoordinator.java:503] [Consumer clientId=consumer-test-consumer-group-2, groupId=test-consumer-group] Successfully joined group with generation 286
2021-03-03 21:18:02,438 INFO [org.springframework.kafka.KafkaListenerEndpointContainer#0-0-C-1] o.a.k.c.c.i.ConsumerCoordinator [ConsumerCoordinator.java:273] [Consumer clientId=consumer-test-consumer-group-2, groupId=test-consumer-group] Adding newly assigned partitions: publish-0
2021-03-03 21:18:02,446 INFO [org.springframework.kafka.KafkaListenerEndpointContainer#2-0-C-1] o.a.k.c.c.i.AbstractCoordinator [AbstractCoordinator.java:503] [Consumer clientId=consumer-test-consumer-group-1, groupId=test-consumer-group] Successfully joined group with generation 286
2021-03-03 21:18:02,447 INFO [org.springframework.kafka.KafkaListenerEndpointContainer#2-0-C-1] o.a.k.c.c.i.ConsumerCoordinator [ConsumerCoordinator.java:273] [Consumer clientId=consumer-test-consumer-group-1, groupId=test-consumer-group] Adding newly assigned partitions: delete-0
2021-03-03 21:18:02,460 INFO [org.springframework.kafka.KafkaListenerEndpointContainer#0-0-C-1] o.a.k.c.c.i.ConsumerCoordinator [ConsumerCoordinator.java:799] [Consumer clientId=consumer-test-consumer-group-2, groupId=test-consumer-group] Setting offset for partition publish-0 to the committed offset FetchPosition{offset=18, offsetEpoch=Optional[0], currentLeader=LeaderAndEpoch{leader=Optional[192.168.114.129:9092 (id: 0 rack: null)], epoch=absent}}
2021-03-03 21:18:02,460 INFO [org.springframework.kafka.KafkaListenerEndpointContainer#1-0-C-1] o.a.k.c.c.i.ConsumerCoordinator [ConsumerCoordinator.java:799] [Consumer clientId=consumer-test-consumer-group-3, groupId=test-consumer-group] Setting offset for partition comment-0 to the committed offset FetchPosition{offset=10, offsetEpoch=Optional[0], currentLeader=LeaderAndEpoch{leader=Optional[192.168.114.129:9092 (id: 0 rack: null)], epoch=absent}}
2021-03-03 21:18:02,460 INFO [org.springframework.kafka.KafkaListenerEndpointContainer#1-0-C-1] o.a.k.c.c.i.ConsumerCoordinator [ConsumerCoordinator.java:799] [Consumer clientId=consumer-test-consumer-group-3, groupId=test-consumer-group] Setting offset for partition like-0 to the committed offset FetchPosition{offset=15, offsetEpoch=Optional[0], currentLeader=LeaderAndEpoch{leader=Optional[192.168.114.129:9092 (id: 0 rack: null)], epoch=absent}}
2021-03-03 21:18:02,460 INFO [org.springframework.kafka.KafkaListenerEndpointContainer#1-0-C-1] o.a.k.c.c.i.ConsumerCoordinator [ConsumerCoordinator.java:799] [Consumer clientId=consumer-test-consumer-group-3, groupId=test-consumer-group] Setting offset for partition follow-0 to the committed offset FetchPosition{offset=1, offsetEpoch=Optional[0], currentLeader=LeaderAndEpoch{leader=Optional[192.168.114.129:9092 (id: 0 rack: null)], epoch=absent}}
2021-03-03 21:18:02,461 INFO [org.springframework.kafka.KafkaListenerEndpointContainer#1-0-C-1] o.s.k.l.KafkaMessageListenerContainer [LogAccessor.java:292] test-consumer-group: partitions assigned: [comment-0, like-0, follow-0]
2021-03-03 21:18:02,463 INFO [org.springframework.kafka.KafkaListenerEndpointContainer#0-0-C-1] o.s.k.l.KafkaMessageListenerContainer [LogAccessor.java:292] test-consumer-group: partitions assigned: [publish-0]
2021-03-03 21:18:02,468 INFO [org.springframework.kafka.KafkaListenerEndpointContainer#2-0-C-1] o.a.k.c.c.i.ConsumerCoordinator [ConsumerCoordinator.java:799] [Consumer clientId=consumer-test-consumer-group-1, groupId=test-consumer-group] Setting offset for partition delete-0 to the committed offset FetchPosition{offset=3, offsetEpoch=Optional[0], currentLeader=LeaderAndEpoch{leader=Optional[192.168.114.129:9092 (id: 0 rack: null)], epoch=absent}}
2021-03-03 21:18:02,573 INFO [org.springframework.kafka.KafkaListenerEndpointContainer#2-0-C-1] o.s.k.l.KafkaMessageListenerContainer [LogAccessor.java:292] test-consumer-group: partitions assigned: [delete-0]
2021-03-03 21:18:34,074 INFO [http-nio-8080-exec-1] o.a.c.c.C.[.[.[/community] [DirectJDKLog.java:173] Initializing Spring DispatcherServlet 'dispatcherServlet'
2021-03-03 21:18:34,074 INFO [http-nio-8080-exec-1] o.s.w.s.DispatcherServlet [FrameworkServlet.java:525] Initializing Servlet 'dispatcherServlet'
2021-03-03 21:18:34,087 INFO [http-nio-8080-exec-1] o.s.w.s.DispatcherServlet [FrameworkServlet.java:547] Completed initialization in 13 ms
2021-03-03 21:18:43,324 INFO [http-nio-8080-exec-5] c.n.c.s.DiscussPostService [DiscussPostService.java:82] load row from db
2021-03-03 21:18:55,574 INFO [http-nio-8080-exec-8] o.a.k.c.p.ProducerConfig [AbstractConfig.java:347] ProducerConfig values: 
	acks = 1
	batch.size = 16384
	bootstrap.servers = [192.168.114.129:9092]
	buffer.memory = 33554432
	client.dns.lookup = default
	client.id = producer-1
	compression.type = none
	connections.max.idle.ms = 540000
	delivery.timeout.ms = 120000
	enable.idempotence = false
	interceptor.classes = []
	key.serializer = class org.apache.kafka.common.serialization.StringSerializer
	linger.ms = 0
	max.block.ms = 60000
	max.in.flight.requests.per.connection = 5
	max.request.size = 1048576
	metadata.max.age.ms = 300000
	metadata.max.idle.ms = 300000
	metric.reporters = []
	metrics.num.samples = 2
	metrics.recording.level = INFO
	metrics.sample.window.ms = 30000
	partitioner.class = class org.apache.kafka.clients.producer.internals.DefaultPartitioner
	receive.buffer.bytes = 32768
	reconnect.backoff.max.ms = 1000
	reconnect.backoff.ms = 50
	request.timeout.ms = 30000
	retries = 2147483647
	retry.backoff.ms = 100
	sasl.client.callback.handler.class = null
	sasl.jaas.config = null
	sasl.kerberos.kinit.cmd = /usr/bin/kinit
	sasl.kerberos.min.time.before.relogin = 60000
	sasl.kerberos.service.name = null
	sasl.kerberos.ticket.renew.jitter = 0.05
	sasl.kerberos.ticket.renew.window.factor = 0.8
	sasl.login.callback.handler.class = null
	sasl.login.class = null
	sasl.login.refresh.buffer.seconds = 300
	sasl.login.refresh.min.period.seconds = 60
	sasl.login.refresh.window.factor = 0.8
	sasl.login.refresh.window.jitter = 0.05
	sasl.mechanism = GSSAPI
	security.protocol = PLAINTEXT
	security.providers = null
	send.buffer.bytes = 131072
	ssl.cipher.suites = null
	ssl.enabled.protocols = [TLSv1.2]
	ssl.endpoint.identification.algorithm = https
	ssl.key.password = null
	ssl.keymanager.algorithm = SunX509
	ssl.keystore.location = null
	ssl.keystore.password = null
	ssl.keystore.type = JKS
	ssl.protocol = TLSv1.2
	ssl.provider = null
	ssl.secure.random.implementation = null
	ssl.trustmanager.algorithm = PKIX
	ssl.truststore.location = null
	ssl.truststore.password = null
	ssl.truststore.type = JKS
	transaction.timeout.ms = 60000
	transactional.id = null
	value.serializer = class org.apache.kafka.common.serialization.StringSerializer

2021-03-03 21:18:55,593 INFO [http-nio-8080-exec-8] o.a.k.c.u.AppInfoParser [AppInfoParser.java:117] Kafka version: 2.5.1
2021-03-03 21:18:55,595 INFO [http-nio-8080-exec-8] o.a.k.c.u.AppInfoParser [AppInfoParser.java:118] Kafka commitId: 0efa8fb0f4c73d92
2021-03-03 21:18:55,596 INFO [http-nio-8080-exec-8] o.a.k.c.u.AppInfoParser [AppInfoParser.java:119] Kafka startTimeMs: 1614777535593
2021-03-03 21:18:55,605 INFO [kafka-producer-network-thread | producer-1] o.a.k.c.Metadata [Metadata.java:277] [Producer clientId=producer-1] Cluster ID: wtv9nGHbTqe-xVJE_83Z0w
2021-03-03 21:22:44,875 INFO [communityScheduler_Worker-2] c.n.c.q.PostScoreRefreshJob [PostScoreRefreshJob.java:58] 任务开始，正在刷新帖子分数1
2021-03-03 21:22:45,186 INFO [communityScheduler_Worker-2] c.n.c.q.PostScoreRefreshJob [PostScoreRefreshJob.java:63] 任务结束，帖子分数刷新完毕！
2021-03-03 21:27:44,874 INFO [communityScheduler_Worker-3] c.n.c.q.PostScoreRefreshJob [PostScoreRefreshJob.java:55] 任务取消，没有需要刷新的帖子
2021-03-03 21:29:13,611 INFO [http-nio-8080-exec-6] c.n.c.s.DiscussPostService [DiscussPostService.java:82] load row from db
2021-03-03 21:32:44,876 INFO [communityScheduler_Worker-4] c.n.c.q.PostScoreRefreshJob [PostScoreRefreshJob.java:55] 任务取消，没有需要刷新的帖子
2021-03-03 21:35:46,200 INFO [main] c.n.c.CommunityApplication [StartupInfoLogger.java:55] Starting CommunityApplication on DESKTOP-HL432J8 with PID 9968 (D:\develop_files\Idea_Project_files\myproject\community\target\classes started by WGL in D:\develop_files\Idea_Project_files\myproject\community)
2021-03-03 21:35:46,203 INFO [main] c.n.c.CommunityApplication [SpringApplication.java:651] No active profile set, falling back to default profiles: default
2021-03-03 21:35:47,436 INFO [main] o.s.d.r.c.RepositoryConfigurationDelegate [RepositoryConfigurationDelegate.java:249] Multiple Spring Data modules found, entering strict repository configuration mode!
2021-03-03 21:35:47,438 INFO [main] o.s.d.r.c.RepositoryConfigurationDelegate [RepositoryConfigurationDelegate.java:127] Bootstrapping Spring Data Elasticsearch repositories in DEFAULT mode.
2021-03-03 21:35:47,502 INFO [main] o.s.d.r.c.RepositoryConfigurationDelegate [RepositoryConfigurationDelegate.java:187] Finished Spring Data repository scanning in 60ms. Found 1 Elasticsearch repository interfaces.
2021-03-03 21:35:47,506 INFO [main] o.s.d.r.c.RepositoryConfigurationDelegate [RepositoryConfigurationDelegate.java:249] Multiple Spring Data modules found, entering strict repository configuration mode!
2021-03-03 21:35:47,507 INFO [main] o.s.d.r.c.RepositoryConfigurationDelegate [RepositoryConfigurationDelegate.java:127] Bootstrapping Spring Data Reactive Elasticsearch repositories in DEFAULT mode.
2021-03-03 21:35:47,517 INFO [main] o.s.d.r.c.RepositoryConfigurationDelegate [RepositoryConfigurationDelegate.java:187] Finished Spring Data repository scanning in 9ms. Found 0 Reactive Elasticsearch repository interfaces.
2021-03-03 21:35:47,534 INFO [main] o.s.d.r.c.RepositoryConfigurationDelegate [RepositoryConfigurationDelegate.java:249] Multiple Spring Data modules found, entering strict repository configuration mode!
2021-03-03 21:35:47,536 INFO [main] o.s.d.r.c.RepositoryConfigurationDelegate [RepositoryConfigurationDelegate.java:127] Bootstrapping Spring Data Redis repositories in DEFAULT mode.
2021-03-03 21:35:47,555 INFO [main] o.s.d.r.c.RepositoryConfigurationExtensionSupport [RepositoryConfigurationExtensionSupport.java:348] Spring Data Redis - Could not safely identify store assignment for repository candidate interface com.nowcoder.community.dao.elasticsearch.DiscussPostRepository. If you want this repository to be a Redis repository, consider annotating your entities with one of these annotations: org.springframework.data.redis.core.RedisHash (preferred), or consider extending one of the following types with your repository: org.springframework.data.keyvalue.repository.KeyValueRepository.
2021-03-03 21:35:47,555 INFO [main] o.s.d.r.c.RepositoryConfigurationDelegate [RepositoryConfigurationDelegate.java:187] Finished Spring Data repository scanning in 8ms. Found 0 Redis repository interfaces.
2021-03-03 21:35:48,516 INFO [main] o.s.b.w.e.t.TomcatWebServer [TomcatWebServer.java:108] Tomcat initialized with port(s): 8080 (http)
2021-03-03 21:35:48,528 INFO [main] o.a.c.h.Http11NioProtocol [DirectJDKLog.java:173] Initializing ProtocolHandler ["http-nio-8080"]
2021-03-03 21:35:48,532 INFO [main] o.a.c.c.StandardService [DirectJDKLog.java:173] Starting service [Tomcat]
2021-03-03 21:35:48,532 INFO [main] o.a.c.c.StandardEngine [DirectJDKLog.java:173] Starting Servlet engine: [Apache Tomcat/9.0.38]
2021-03-03 21:35:48,630 INFO [main] o.a.c.c.C.[.[.[/community] [DirectJDKLog.java:173] Initializing Spring embedded WebApplicationContext
2021-03-03 21:35:48,630 INFO [main] o.s.b.w.s.c.ServletWebServerApplicationContext [ServletWebServerApplicationContext.java:285] Root WebApplicationContext: initialization completed in 2270 ms
2021-03-03 21:35:50,117 INFO [main] o.s.d.e.s.VersionInfo [VersionInfo.java:59] Version Spring Data Elasticsearch: 4.0.4.RELEASE
2021-03-03 21:35:50,117 INFO [main] o.s.d.e.s.VersionInfo [VersionInfo.java:60] Version Elasticsearch Client in build: 7.6.2
2021-03-03 21:35:50,118 INFO [main] o.s.d.e.s.VersionInfo [VersionInfo.java:61] Version Elasticsearch Client used: 7.6.2
2021-03-03 21:35:50,118 INFO [main] o.s.d.e.s.VersionInfo [VersionInfo.java:69] Version Elasticsearch cluster: 7.6.1
2021-03-03 21:35:50,450 INFO [main] o.s.s.c.ThreadPoolTaskExecutor [ExecutorConfigurationSupport.java:181] Initializing ExecutorService 'applicationTaskExecutor'
2021-03-03 21:35:50,529 INFO [main] o.s.b.a.w.s.WelcomePageHandlerMapping [WelcomePageHandlerMapping.java:58] Adding welcome page template: index
2021-03-03 21:35:50,782 INFO [main] c.z.h.HikariDataSource [HikariDataSource.java:110] HikariPool-1 - Starting...
2021-03-03 21:35:50,887 INFO [main] c.z.h.HikariDataSource [HikariDataSource.java:123] HikariPool-1 - Start completed.
2021-03-03 21:35:50,946 INFO [main] o.q.i.StdSchedulerFactory [StdSchedulerFactory.java:1220] Using default implementation for ThreadExecutor
2021-03-03 21:35:50,958 INFO [main] o.q.c.SchedulerSignalerImpl [SchedulerSignalerImpl.java:61] Initialized Scheduler Signaller of type: class org.quartz.core.SchedulerSignalerImpl
2021-03-03 21:35:50,958 INFO [main] o.q.c.QuartzScheduler [QuartzScheduler.java:229] Quartz Scheduler v.2.3.2 created.
2021-03-03 21:35:50,961 INFO [main] o.s.s.q.LocalDataSourceJobStore [JobStoreSupport.java:672] Using db table-based data access locking (synchronization).
2021-03-03 21:35:50,965 INFO [main] o.s.s.q.LocalDataSourceJobStore [JobStoreCMT.java:145] JobStoreCMT initialized.
2021-03-03 21:35:50,965 INFO [main] o.q.c.QuartzScheduler [QuartzScheduler.java:294] Scheduler meta-data: Quartz Scheduler (v2.3.2) 'communityScheduler' with instanceId 'DESKTOP-HL432J81614778550950'
  Scheduler class: 'org.quartz.core.QuartzScheduler' - running locally.
  NOT STARTED.
  Currently in standby mode.
  Number of jobs executed: 0
  Using thread pool 'org.quartz.simpl.SimpleThreadPool' - with 5 threads.
  Using job-store 'org.springframework.scheduling.quartz.LocalDataSourceJobStore' - which supports persistence. and is clustered.

2021-03-03 21:35:50,965 INFO [main] o.q.i.StdSchedulerFactory [StdSchedulerFactory.java:1374] Quartz scheduler 'communityScheduler' initialized from an externally provided properties instance.
2021-03-03 21:35:50,965 INFO [main] o.q.i.StdSchedulerFactory [StdSchedulerFactory.java:1378] Quartz scheduler version: 2.3.2
2021-03-03 21:35:50,965 INFO [main] o.q.c.QuartzScheduler [QuartzScheduler.java:2293] JobFactory set to: org.springframework.scheduling.quartz.SpringBeanJobFactory@4052913c
2021-03-03 21:35:51,102 INFO [main] o.s.b.a.s.s.UserDetailsServiceAutoConfiguration [UserDetailsServiceAutoConfiguration.java:86] 

Using generated security password: ba171eda-3827-4946-8cfa-db3f4560267e

2021-03-03 21:35:51,153 INFO [main] o.s.s.w.DefaultSecurityFilterChain [DefaultSecurityFilterChain.java:43] Creating filter chain: Ant [pattern='/resources/**'], []
2021-03-03 21:35:51,188 INFO [main] o.s.s.w.DefaultSecurityFilterChain [DefaultSecurityFilterChain.java:43] Creating filter chain: any request, [org.springframework.security.web.context.request.async.WebAsyncManagerIntegrationFilter@53ba1175, org.springframework.security.web.context.SecurityContextPersistenceFilter@58186f9f, org.springframework.security.web.header.HeaderWriterFilter@41ece227, org.springframework.security.web.authentication.logout.LogoutFilter@74a85515, org.springframework.security.web.savedrequest.RequestCacheAwareFilter@1f39269d, org.springframework.security.web.servletapi.SecurityContextHolderAwareRequestFilter@5885e231, org.springframework.security.web.authentication.AnonymousAuthenticationFilter@cd5ff55, org.springframework.security.web.session.SessionManagementFilter@4bfa5eb9, org.springframework.security.web.access.ExceptionTranslationFilter@1da745a2, org.springframework.security.web.access.intercept.FilterSecurityInterceptor@5d92e8e2]
2021-03-03 21:35:51,204 INFO [main] o.s.s.c.ThreadPoolTaskScheduler [ExecutorConfigurationSupport.java:181] Initializing ExecutorService 'taskScheduler'
2021-03-03 21:35:51,297 INFO [main] o.a.k.c.c.ConsumerConfig [AbstractConfig.java:347] ConsumerConfig values: 
	allow.auto.create.topics = true
	auto.commit.interval.ms = 3000
	auto.offset.reset = latest
	bootstrap.servers = [192.168.114.129:9092]
	check.crcs = true
	client.dns.lookup = default
	client.id = 
	client.rack = 
	connections.max.idle.ms = 540000
	default.api.timeout.ms = 60000
	enable.auto.commit = true
	exclude.internal.topics = true
	fetch.max.bytes = 52428800
	fetch.max.wait.ms = 500
	fetch.min.bytes = 1
	group.id = test-consumer-group
	group.instance.id = null
	heartbeat.interval.ms = 3000
	interceptor.classes = []
	internal.leave.group.on.close = true
	isolation.level = read_uncommitted
	key.deserializer = class org.apache.kafka.common.serialization.StringDeserializer
	max.partition.fetch.bytes = 1048576
	max.poll.interval.ms = 300000
	max.poll.records = 500
	metadata.max.age.ms = 300000
	metric.reporters = []
	metrics.num.samples = 2
	metrics.recording.level = INFO
	metrics.sample.window.ms = 30000
	partition.assignment.strategy = [class org.apache.kafka.clients.consumer.RangeAssignor]
	receive.buffer.bytes = 65536
	reconnect.backoff.max.ms = 1000
	reconnect.backoff.ms = 50
	request.timeout.ms = 30000
	retry.backoff.ms = 100
	sasl.client.callback.handler.class = null
	sasl.jaas.config = null
	sasl.kerberos.kinit.cmd = /usr/bin/kinit
	sasl.kerberos.min.time.before.relogin = 60000
	sasl.kerberos.service.name = null
	sasl.kerberos.ticket.renew.jitter = 0.05
	sasl.kerberos.ticket.renew.window.factor = 0.8
	sasl.login.callback.handler.class = null
	sasl.login.class = null
	sasl.login.refresh.buffer.seconds = 300
	sasl.login.refresh.min.period.seconds = 60
	sasl.login.refresh.window.factor = 0.8
	sasl.login.refresh.window.jitter = 0.05
	sasl.mechanism = GSSAPI
	security.protocol = PLAINTEXT
	security.providers = null
	send.buffer.bytes = 131072
	session.timeout.ms = 10000
	ssl.cipher.suites = null
	ssl.enabled.protocols = [TLSv1.2]
	ssl.endpoint.identification.algorithm = https
	ssl.key.password = null
	ssl.keymanager.algorithm = SunX509
	ssl.keystore.location = null
	ssl.keystore.password = null
	ssl.keystore.type = JKS
	ssl.protocol = TLSv1.2
	ssl.provider = null
	ssl.secure.random.implementation = null
	ssl.trustmanager.algorithm = PKIX
	ssl.truststore.location = null
	ssl.truststore.password = null
	ssl.truststore.type = JKS
	value.deserializer = class org.apache.kafka.common.serialization.StringDeserializer

2021-03-03 21:35:51,360 INFO [main] o.a.k.c.u.AppInfoParser [AppInfoParser.java:117] Kafka version: 2.5.1
2021-03-03 21:35:51,360 INFO [main] o.a.k.c.u.AppInfoParser [AppInfoParser.java:118] Kafka commitId: 0efa8fb0f4c73d92
2021-03-03 21:35:51,360 INFO [main] o.a.k.c.u.AppInfoParser [AppInfoParser.java:119] Kafka startTimeMs: 1614778551360
2021-03-03 21:35:51,364 INFO [main] o.a.k.c.c.KafkaConsumer [KafkaConsumer.java:974] [Consumer clientId=consumer-test-consumer-group-1, groupId=test-consumer-group] Subscribed to topic(s): publish
2021-03-03 21:35:51,368 INFO [main] o.s.s.c.ThreadPoolTaskScheduler [ExecutorConfigurationSupport.java:181] Initializing ExecutorService
2021-03-03 21:35:51,372 INFO [main] o.a.k.c.c.ConsumerConfig [AbstractConfig.java:347] ConsumerConfig values: 
	allow.auto.create.topics = true
	auto.commit.interval.ms = 3000
	auto.offset.reset = latest
	bootstrap.servers = [192.168.114.129:9092]
	check.crcs = true
	client.dns.lookup = default
	client.id = 
	client.rack = 
	connections.max.idle.ms = 540000
	default.api.timeout.ms = 60000
	enable.auto.commit = true
	exclude.internal.topics = true
	fetch.max.bytes = 52428800
	fetch.max.wait.ms = 500
	fetch.min.bytes = 1
	group.id = test-consumer-group
	group.instance.id = null
	heartbeat.interval.ms = 3000
	interceptor.classes = []
	internal.leave.group.on.close = true
	isolation.level = read_uncommitted
	key.deserializer = class org.apache.kafka.common.serialization.StringDeserializer
	max.partition.fetch.bytes = 1048576
	max.poll.interval.ms = 300000
	max.poll.records = 500
	metadata.max.age.ms = 300000
	metric.reporters = []
	metrics.num.samples = 2
	metrics.recording.level = INFO
	metrics.sample.window.ms = 30000
	partition.assignment.strategy = [class org.apache.kafka.clients.consumer.RangeAssignor]
	receive.buffer.bytes = 65536
	reconnect.backoff.max.ms = 1000
	reconnect.backoff.ms = 50
	request.timeout.ms = 30000
	retry.backoff.ms = 100
	sasl.client.callback.handler.class = null
	sasl.jaas.config = null
	sasl.kerberos.kinit.cmd = /usr/bin/kinit
	sasl.kerberos.min.time.before.relogin = 60000
	sasl.kerberos.service.name = null
	sasl.kerberos.ticket.renew.jitter = 0.05
	sasl.kerberos.ticket.renew.window.factor = 0.8
	sasl.login.callback.handler.class = null
	sasl.login.class = null
	sasl.login.refresh.buffer.seconds = 300
	sasl.login.refresh.min.period.seconds = 60
	sasl.login.refresh.window.factor = 0.8
	sasl.login.refresh.window.jitter = 0.05
	sasl.mechanism = GSSAPI
	security.protocol = PLAINTEXT
	security.providers = null
	send.buffer.bytes = 131072
	session.timeout.ms = 10000
	ssl.cipher.suites = null
	ssl.enabled.protocols = [TLSv1.2]
	ssl.endpoint.identification.algorithm = https
	ssl.key.password = null
	ssl.keymanager.algorithm = SunX509
	ssl.keystore.location = null
	ssl.keystore.password = null
	ssl.keystore.type = JKS
	ssl.protocol = TLSv1.2
	ssl.provider = null
	ssl.secure.random.implementation = null
	ssl.trustmanager.algorithm = PKIX
	ssl.truststore.location = null
	ssl.truststore.password = null
	ssl.truststore.type = JKS
	value.deserializer = class org.apache.kafka.common.serialization.StringDeserializer

2021-03-03 21:35:51,383 INFO [main] o.a.k.c.u.AppInfoParser [AppInfoParser.java:117] Kafka version: 2.5.1
2021-03-03 21:35:51,383 INFO [main] o.a.k.c.u.AppInfoParser [AppInfoParser.java:118] Kafka commitId: 0efa8fb0f4c73d92
2021-03-03 21:35:51,383 INFO [main] o.a.k.c.u.AppInfoParser [AppInfoParser.java:119] Kafka startTimeMs: 1614778551383
2021-03-03 21:35:51,383 INFO [main] o.a.k.c.c.KafkaConsumer [KafkaConsumer.java:974] [Consumer clientId=consumer-test-consumer-group-2, groupId=test-consumer-group] Subscribed to topic(s): delete
2021-03-03 21:35:51,383 INFO [main] o.s.s.c.ThreadPoolTaskScheduler [ExecutorConfigurationSupport.java:181] Initializing ExecutorService
2021-03-03 21:35:51,387 INFO [main] o.a.k.c.c.ConsumerConfig [AbstractConfig.java:347] ConsumerConfig values: 
	allow.auto.create.topics = true
	auto.commit.interval.ms = 3000
	auto.offset.reset = latest
	bootstrap.servers = [192.168.114.129:9092]
	check.crcs = true
	client.dns.lookup = default
	client.id = 
	client.rack = 
	connections.max.idle.ms = 540000
	default.api.timeout.ms = 60000
	enable.auto.commit = true
	exclude.internal.topics = true
	fetch.max.bytes = 52428800
	fetch.max.wait.ms = 500
	fetch.min.bytes = 1
	group.id = test-consumer-group
	group.instance.id = null
	heartbeat.interval.ms = 3000
	interceptor.classes = []
	internal.leave.group.on.close = true
	isolation.level = read_uncommitted
	key.deserializer = class org.apache.kafka.common.serialization.StringDeserializer
	max.partition.fetch.bytes = 1048576
	max.poll.interval.ms = 300000
	max.poll.records = 500
	metadata.max.age.ms = 300000
	metric.reporters = []
	metrics.num.samples = 2
	metrics.recording.level = INFO
	metrics.sample.window.ms = 30000
	partition.assignment.strategy = [class org.apache.kafka.clients.consumer.RangeAssignor]
	receive.buffer.bytes = 65536
	reconnect.backoff.max.ms = 1000
	reconnect.backoff.ms = 50
	request.timeout.ms = 30000
	retry.backoff.ms = 100
	sasl.client.callback.handler.class = null
	sasl.jaas.config = null
	sasl.kerberos.kinit.cmd = /usr/bin/kinit
	sasl.kerberos.min.time.before.relogin = 60000
	sasl.kerberos.service.name = null
	sasl.kerberos.ticket.renew.jitter = 0.05
	sasl.kerberos.ticket.renew.window.factor = 0.8
	sasl.login.callback.handler.class = null
	sasl.login.class = null
	sasl.login.refresh.buffer.seconds = 300
	sasl.login.refresh.min.period.seconds = 60
	sasl.login.refresh.window.factor = 0.8
	sasl.login.refresh.window.jitter = 0.05
	sasl.mechanism = GSSAPI
	security.protocol = PLAINTEXT
	security.providers = null
	send.buffer.bytes = 131072
	session.timeout.ms = 10000
	ssl.cipher.suites = null
	ssl.enabled.protocols = [TLSv1.2]
	ssl.endpoint.identification.algorithm = https
	ssl.key.password = null
	ssl.keymanager.algorithm = SunX509
	ssl.keystore.location = null
	ssl.keystore.password = null
	ssl.keystore.type = JKS
	ssl.protocol = TLSv1.2
	ssl.provider = null
	ssl.secure.random.implementation = null
	ssl.trustmanager.algorithm = PKIX
	ssl.truststore.location = null
	ssl.truststore.password = null
	ssl.truststore.type = JKS
	value.deserializer = class org.apache.kafka.common.serialization.StringDeserializer

2021-03-03 21:35:51,399 INFO [main] o.a.k.c.u.AppInfoParser [AppInfoParser.java:117] Kafka version: 2.5.1
2021-03-03 21:35:51,399 INFO [main] o.a.k.c.u.AppInfoParser [AppInfoParser.java:118] Kafka commitId: 0efa8fb0f4c73d92
2021-03-03 21:35:51,399 INFO [main] o.a.k.c.u.AppInfoParser [AppInfoParser.java:119] Kafka startTimeMs: 1614778551399
2021-03-03 21:35:51,399 INFO [main] o.a.k.c.c.KafkaConsumer [KafkaConsumer.java:974] [Consumer clientId=consumer-test-consumer-group-3, groupId=test-consumer-group] Subscribed to topic(s): comment, follow, like
2021-03-03 21:35:51,399 INFO [main] o.s.s.c.ThreadPoolTaskScheduler [ExecutorConfigurationSupport.java:181] Initializing ExecutorService
2021-03-03 21:35:51,399 INFO [main] o.a.c.h.Http11NioProtocol [DirectJDKLog.java:173] Starting ProtocolHandler ["http-nio-8080"]
2021-03-03 21:35:51,418 INFO [main] o.s.b.w.e.t.TomcatWebServer [TomcatWebServer.java:220] Tomcat started on port(s): 8080 (http) with context path '/community'
2021-03-03 21:35:51,422 INFO [main] o.s.s.q.SchedulerFactoryBean [SchedulerFactoryBean.java:727] Starting Quartz Scheduler now
2021-03-03 21:35:51,641 INFO [main] o.s.s.q.LocalDataSourceJobStore [JobStoreSupport.java:3644] ClusterManager: detected 1 failed or restarted instances.
2021-03-03 21:35:51,641 INFO [main] o.s.s.q.LocalDataSourceJobStore [JobStoreSupport.java:3503] ClusterManager: Scanning for instance "DESKTOP-HL432J81614777479368"'s failed in-progress jobs.
2021-03-03 21:35:51,649 INFO [main] o.q.c.QuartzScheduler [QuartzScheduler.java:547] Scheduler communityScheduler_$_DESKTOP-HL432J81614778550950 started.
2021-03-03 21:35:51,669 INFO [main] c.n.c.CommunityApplication [StartupInfoLogger.java:61] Started CommunityApplication in 6.195 seconds (JVM running for 7.575)
2021-03-03 21:35:51,950 INFO [org.springframework.kafka.KafkaListenerEndpointContainer#2-0-C-1] o.a.k.c.Metadata [Metadata.java:277] [Consumer clientId=consumer-test-consumer-group-1, groupId=test-consumer-group] Cluster ID: wtv9nGHbTqe-xVJE_83Z0w
2021-03-03 21:35:51,950 INFO [org.springframework.kafka.KafkaListenerEndpointContainer#0-0-C-1] o.a.k.c.Metadata [Metadata.java:277] [Consumer clientId=consumer-test-consumer-group-2, groupId=test-consumer-group] Cluster ID: wtv9nGHbTqe-xVJE_83Z0w
2021-03-03 21:35:51,950 INFO [org.springframework.kafka.KafkaListenerEndpointContainer#1-0-C-1] o.a.k.c.Metadata [Metadata.java:277] [Consumer clientId=consumer-test-consumer-group-3, groupId=test-consumer-group] Cluster ID: wtv9nGHbTqe-xVJE_83Z0w
2021-03-03 21:35:51,952 INFO [org.springframework.kafka.KafkaListenerEndpointContainer#1-0-C-1] o.a.k.c.c.i.AbstractCoordinator [AbstractCoordinator.java:797] [Consumer clientId=consumer-test-consumer-group-3, groupId=test-consumer-group] Discovered group coordinator 192.168.114.129:9092 (id: 2147483647 rack: null)
2021-03-03 21:35:51,952 INFO [org.springframework.kafka.KafkaListenerEndpointContainer#2-0-C-1] o.a.k.c.c.i.AbstractCoordinator [AbstractCoordinator.java:797] [Consumer clientId=consumer-test-consumer-group-1, groupId=test-consumer-group] Discovered group coordinator 192.168.114.129:9092 (id: 2147483647 rack: null)
2021-03-03 21:35:51,953 INFO [org.springframework.kafka.KafkaListenerEndpointContainer#0-0-C-1] o.a.k.c.c.i.AbstractCoordinator [AbstractCoordinator.java:797] [Consumer clientId=consumer-test-consumer-group-2, groupId=test-consumer-group] Discovered group coordinator 192.168.114.129:9092 (id: 2147483647 rack: null)
2021-03-03 21:35:51,957 INFO [org.springframework.kafka.KafkaListenerEndpointContainer#1-0-C-1] o.a.k.c.c.i.AbstractCoordinator [AbstractCoordinator.java:552] [Consumer clientId=consumer-test-consumer-group-3, groupId=test-consumer-group] (Re-)joining group
2021-03-03 21:35:51,957 INFO [org.springframework.kafka.KafkaListenerEndpointContainer#2-0-C-1] o.a.k.c.c.i.AbstractCoordinator [AbstractCoordinator.java:552] [Consumer clientId=consumer-test-consumer-group-1, groupId=test-consumer-group] (Re-)joining group
2021-03-03 21:35:51,957 INFO [org.springframework.kafka.KafkaListenerEndpointContainer#0-0-C-1] o.a.k.c.c.i.AbstractCoordinator [AbstractCoordinator.java:552] [Consumer clientId=consumer-test-consumer-group-2, groupId=test-consumer-group] (Re-)joining group
2021-03-03 21:35:51,978 INFO [org.springframework.kafka.KafkaListenerEndpointContainer#1-0-C-1] o.a.k.c.c.i.AbstractCoordinator [AbstractCoordinator.java:455] [Consumer clientId=consumer-test-consumer-group-3, groupId=test-consumer-group] Join group failed with org.apache.kafka.common.errors.MemberIdRequiredException: The group member needs to have a valid member id before actually entering a consumer group
2021-03-03 21:35:51,979 INFO [org.springframework.kafka.KafkaListenerEndpointContainer#1-0-C-1] o.a.k.c.c.i.AbstractCoordinator [AbstractCoordinator.java:552] [Consumer clientId=consumer-test-consumer-group-3, groupId=test-consumer-group] (Re-)joining group
2021-03-03 21:35:51,979 INFO [org.springframework.kafka.KafkaListenerEndpointContainer#0-0-C-1] o.a.k.c.c.i.AbstractCoordinator [AbstractCoordinator.java:455] [Consumer clientId=consumer-test-consumer-group-2, groupId=test-consumer-group] Join group failed with org.apache.kafka.common.errors.MemberIdRequiredException: The group member needs to have a valid member id before actually entering a consumer group
2021-03-03 21:35:51,979 INFO [org.springframework.kafka.KafkaListenerEndpointContainer#0-0-C-1] o.a.k.c.c.i.AbstractCoordinator [AbstractCoordinator.java:552] [Consumer clientId=consumer-test-consumer-group-2, groupId=test-consumer-group] (Re-)joining group
2021-03-03 21:35:51,980 INFO [org.springframework.kafka.KafkaListenerEndpointContainer#2-0-C-1] o.a.k.c.c.i.AbstractCoordinator [AbstractCoordinator.java:455] [Consumer clientId=consumer-test-consumer-group-1, groupId=test-consumer-group] Join group failed with org.apache.kafka.common.errors.MemberIdRequiredException: The group member needs to have a valid member id before actually entering a consumer group
2021-03-03 21:35:51,981 INFO [org.springframework.kafka.KafkaListenerEndpointContainer#2-0-C-1] o.a.k.c.c.i.AbstractCoordinator [AbstractCoordinator.java:552] [Consumer clientId=consumer-test-consumer-group-1, groupId=test-consumer-group] (Re-)joining group
2021-03-03 21:35:52,000 INFO [org.springframework.kafka.KafkaListenerEndpointContainer#1-0-C-1] o.a.k.c.c.i.ConsumerCoordinator [ConsumerCoordinator.java:611] [Consumer clientId=consumer-test-consumer-group-3, groupId=test-consumer-group] Finished assignment for group at generation 288: {consumer-test-consumer-group-2-15b2587d-7c19-4f8a-ba85-fc402f0bc026=Assignment(partitions=[delete-0]), consumer-test-consumer-group-3-4b48d9ba-78a7-41f5-bca3-8ec7564b292b=Assignment(partitions=[like-0, comment-0, follow-0]), consumer-test-consumer-group-1-efe03721-e7b4-42fb-af30-eb8489921056=Assignment(partitions=[publish-0])}
2021-03-03 21:35:52,006 INFO [org.springframework.kafka.KafkaListenerEndpointContainer#2-0-C-1] o.a.k.c.c.i.AbstractCoordinator [AbstractCoordinator.java:503] [Consumer clientId=consumer-test-consumer-group-1, groupId=test-consumer-group] Successfully joined group with generation 288
2021-03-03 21:35:52,008 INFO [org.springframework.kafka.KafkaListenerEndpointContainer#0-0-C-1] o.a.k.c.c.i.AbstractCoordinator [AbstractCoordinator.java:503] [Consumer clientId=consumer-test-consumer-group-2, groupId=test-consumer-group] Successfully joined group with generation 288
2021-03-03 21:35:52,012 INFO [org.springframework.kafka.KafkaListenerEndpointContainer#1-0-C-1] o.a.k.c.c.i.AbstractCoordinator [AbstractCoordinator.java:503] [Consumer clientId=consumer-test-consumer-group-3, groupId=test-consumer-group] Successfully joined group with generation 288
2021-03-03 21:35:52,014 INFO [org.springframework.kafka.KafkaListenerEndpointContainer#0-0-C-1] o.a.k.c.c.i.ConsumerCoordinator [ConsumerCoordinator.java:273] [Consumer clientId=consumer-test-consumer-group-2, groupId=test-consumer-group] Adding newly assigned partitions: delete-0
2021-03-03 21:35:52,014 INFO [org.springframework.kafka.KafkaListenerEndpointContainer#1-0-C-1] o.a.k.c.c.i.ConsumerCoordinator [ConsumerCoordinator.java:273] [Consumer clientId=consumer-test-consumer-group-3, groupId=test-consumer-group] Adding newly assigned partitions: comment-0, like-0, follow-0
2021-03-03 21:35:52,014 INFO [org.springframework.kafka.KafkaListenerEndpointContainer#2-0-C-1] o.a.k.c.c.i.ConsumerCoordinator [ConsumerCoordinator.java:273] [Consumer clientId=consumer-test-consumer-group-1, groupId=test-consumer-group] Adding newly assigned partitions: publish-0
2021-03-03 21:35:52,028 INFO [org.springframework.kafka.KafkaListenerEndpointContainer#2-0-C-1] o.a.k.c.c.i.ConsumerCoordinator [ConsumerCoordinator.java:799] [Consumer clientId=consumer-test-consumer-group-1, groupId=test-consumer-group] Setting offset for partition publish-0 to the committed offset FetchPosition{offset=18, offsetEpoch=Optional[0], currentLeader=LeaderAndEpoch{leader=Optional[192.168.114.129:9092 (id: 0 rack: null)], epoch=absent}}
2021-03-03 21:35:52,028 INFO [org.springframework.kafka.KafkaListenerEndpointContainer#1-0-C-1] o.a.k.c.c.i.ConsumerCoordinator [ConsumerCoordinator.java:799] [Consumer clientId=consumer-test-consumer-group-3, groupId=test-consumer-group] Setting offset for partition comment-0 to the committed offset FetchPosition{offset=10, offsetEpoch=Optional[0], currentLeader=LeaderAndEpoch{leader=Optional[192.168.114.129:9092 (id: 0 rack: null)], epoch=absent}}
2021-03-03 21:35:52,028 INFO [org.springframework.kafka.KafkaListenerEndpointContainer#0-0-C-1] o.a.k.c.c.i.ConsumerCoordinator [ConsumerCoordinator.java:799] [Consumer clientId=consumer-test-consumer-group-2, groupId=test-consumer-group] Setting offset for partition delete-0 to the committed offset FetchPosition{offset=3, offsetEpoch=Optional[0], currentLeader=LeaderAndEpoch{leader=Optional[192.168.114.129:9092 (id: 0 rack: null)], epoch=absent}}
2021-03-03 21:35:52,029 INFO [org.springframework.kafka.KafkaListenerEndpointContainer#1-0-C-1] o.a.k.c.c.i.ConsumerCoordinator [ConsumerCoordinator.java:799] [Consumer clientId=consumer-test-consumer-group-3, groupId=test-consumer-group] Setting offset for partition like-0 to the committed offset FetchPosition{offset=16, offsetEpoch=Optional[0], currentLeader=LeaderAndEpoch{leader=Optional[192.168.114.129:9092 (id: 0 rack: null)], epoch=absent}}
2021-03-03 21:35:52,029 INFO [org.springframework.kafka.KafkaListenerEndpointContainer#1-0-C-1] o.a.k.c.c.i.ConsumerCoordinator [ConsumerCoordinator.java:799] [Consumer clientId=consumer-test-consumer-group-3, groupId=test-consumer-group] Setting offset for partition follow-0 to the committed offset FetchPosition{offset=1, offsetEpoch=Optional[0], currentLeader=LeaderAndEpoch{leader=Optional[192.168.114.129:9092 (id: 0 rack: null)], epoch=absent}}
2021-03-03 21:35:52,030 INFO [org.springframework.kafka.KafkaListenerEndpointContainer#0-0-C-1] o.s.k.l.KafkaMessageListenerContainer [LogAccessor.java:292] test-consumer-group: partitions assigned: [delete-0]
2021-03-03 21:35:52,030 INFO [org.springframework.kafka.KafkaListenerEndpointContainer#1-0-C-1] o.s.k.l.KafkaMessageListenerContainer [LogAccessor.java:292] test-consumer-group: partitions assigned: [comment-0, like-0, follow-0]
2021-03-03 21:35:52,030 INFO [org.springframework.kafka.KafkaListenerEndpointContainer#2-0-C-1] o.s.k.l.KafkaMessageListenerContainer [LogAccessor.java:292] test-consumer-group: partitions assigned: [publish-0]
2021-03-03 21:35:57,752 INFO [http-nio-8080-exec-1] o.a.c.c.C.[.[.[/community] [DirectJDKLog.java:173] Initializing Spring DispatcherServlet 'dispatcherServlet'
2021-03-03 21:35:57,753 INFO [http-nio-8080-exec-1] o.s.w.s.DispatcherServlet [FrameworkServlet.java:525] Initializing Servlet 'dispatcherServlet'
2021-03-03 21:35:57,761 INFO [http-nio-8080-exec-1] o.s.w.s.DispatcherServlet [FrameworkServlet.java:547] Completed initialization in 8 ms
2021-03-03 21:36:38,045 INFO [http-nio-8080-exec-8] c.n.c.s.DiscussPostService [DiscussPostService.java:82] load row from db
2021-03-03 21:37:44,886 INFO [communityScheduler_Worker-1] c.n.c.q.PostScoreRefreshJob [PostScoreRefreshJob.java:55] 任务取消，没有需要刷新的帖子
2021-03-03 21:42:44,874 INFO [communityScheduler_Worker-2] c.n.c.q.PostScoreRefreshJob [PostScoreRefreshJob.java:55] 任务取消，没有需要刷新的帖子
2021-03-03 21:46:42,264 INFO [http-nio-8080-exec-5] c.n.c.s.DiscussPostService [DiscussPostService.java:82] load row from db
2021-03-03 21:47:44,873 INFO [communityScheduler_Worker-3] c.n.c.q.PostScoreRefreshJob [PostScoreRefreshJob.java:55] 任务取消，没有需要刷新的帖子
2021-03-03 21:52:44,874 INFO [communityScheduler_Worker-4] c.n.c.q.PostScoreRefreshJob [PostScoreRefreshJob.java:55] 任务取消，没有需要刷新的帖子
2021-03-03 21:57:44,874 INFO [communityScheduler_Worker-5] c.n.c.q.PostScoreRefreshJob [PostScoreRefreshJob.java:55] 任务取消，没有需要刷新的帖子
2021-03-03 22:02:44,872 INFO [communityScheduler_Worker-1] c.n.c.q.PostScoreRefreshJob [PostScoreRefreshJob.java:55] 任务取消，没有需要刷新的帖子
